2025-11-12T22:47:55.749Z INFO @wdio/local-runner: Run worker command: run
2025-11-12T22:47:56.429Z INFO webdriver: Initiate new session using the WebDriver protocol
2025-11-12T22:47:57.008Z INFO webdriver: Setting up firefox vnightly_147.0a1
2025-11-12T22:47:57.017Z INFO geckodriver: Starting Geckodriver at C:\Users\Victor\AppData\Local\Temp\geckodriver.exe with params: --port=65317 --allow-hosts=localhost --host=0.0.0.0 --websocket-port=0
2025-11-12T22:47:57.143Z INFO @wdio/utils: Started GeckoDriver in 508ms on port 65317
2025-11-12T22:47:57.147Z INFO webdriver: [POST] http://localhost:65317/session
2025-11-12T22:48:01.160Z INFO webdriver: Register BiDi handler for session with id eb88ba84-386e-4b12-bb7c-ccaf5ef45266
2025-11-12T22:48:01.161Z INFO webdriver: Connecting to webSocketUrl ws://127.0.0.1:62581/session/eb88ba84-386e-4b12-bb7c-ccaf5ef45266
2025-11-12T22:48:01.176Z INFO webdriver: Connected to Bidi protocol at ws://127.0.0.1:62581/session/eb88ba84-386e-4b12-bb7c-ccaf5ef45266
2025-11-12T22:48:01.177Z INFO webdriver: Connected to WebDriver Bidi interface at ws://127.0.0.1:62581/session/eb88ba84-386e-4b12-bb7c-ccaf5ef45266
2025-11-12T22:48:01.178Z INFO webdriver: COMMAND getWindowHandle()
2025-11-12T22:48:01.179Z INFO webdriver: BIDI COMMAND browsingContext.getTree {}
2025-11-12T22:48:01.181Z INFO webdriver: BIDI COMMAND session.subscribe {"events":["browsingContext.contextCreated"]}
2025-11-12T22:48:01.182Z INFO webdriver: BIDI COMMAND session.subscribe {"events":["log.entryAdded","browsingContext.navigationStarted"]}
2025-11-12T22:48:01.182Z INFO webdriver: BIDI COMMAND script.addPreloadScript { functionDeclaration: <PreloadScript[1319 bytes]>, contexts: undefined }
2025-11-12T22:48:01.183Z INFO webdriver: BIDI COMMAND session.subscribe {"events":["browsingContext.navigationStarted","browsingContext.fragmentNavigated","network.responseCompleted","network.beforeRequestSent","network.fetchError"]}
2025-11-12T22:48:01.183Z INFO webdriver: BIDI COMMAND session.subscribe {"events":["browsingContext.userPromptOpened"]}
2025-11-12T22:48:01.184Z INFO webdriver: BIDI COMMAND session.subscribe {"events":["browsingContext.navigationStarted"]}
2025-11-12T22:48:01.184Z INFO webdriver: [GET] http://localhost:65317/session/eb88ba84-386e-4b12-bb7c-ccaf5ef45266/window
2025-11-12T22:48:01.199Z INFO webdriver: BIDI RESULT {"type":"success","id":1,"result":{"contexts":[{"children":[],"context":"cd46e63b-5243-4786-9170-a13bbc953696","originalOpener":null,"url":"about:blank","userContext":"default","clientWindow":"1c3ae282-a1b1-407b-b1dd-714a862b8747","parent":null}]}}
2025-11-12T22:48:01.200Z INFO webdriverio:PolyfillManager: Adding polyfill script to context with id cd46e63b-5243-4786-9170-a13bbc953696
2025-11-12T22:48:01.200Z INFO webdriver: BIDI COMMAND script.callFunction {"functionDeclaration":"<Function[443 bytes] webdriverioPolyfill>","target":{"children":[],"context":"cd46e63b-5243-4786-9170-a13bbc953696","originalOpener":null,"url":"about:blank","userContext":"default","clientWindow":"1c3ae282-a1b1-407b-b1dd-714a862b8747","parent":null},"awaitPromise":false}
2025-11-12T22:48:01.201Z INFO webdriver: BIDI COMMAND script.addPreloadScript { functionDeclaration: <PreloadScript[443 bytes]>, contexts: ["cd46e63b-5243-4786-9170-a13bbc953696"] }
2025-11-12T22:48:01.226Z INFO webdriver: BIDI RESULT {"type":"success","id":7,"result":{"subscription":"860be459-75ea-45cf-9b22-b78a33b3d7a0"}}
2025-11-12T22:48:01.231Z INFO webdriver: BIDI RESULT {"type":"success","id":2,"result":{"subscription":"9dc9ebb4-a359-4676-9a13-c9dc4b017e14"}}
2025-11-12T22:48:01.231Z INFO webdriver: BIDI RESULT {"type":"success","id":3,"result":{"subscription":"334a657e-ccb9-45be-a1aa-73067bf62034"}}
2025-11-12T22:48:01.231Z INFO webdriver: BIDI RESULT {"type":"success","id":4,"result":{"script":"112080d5-3d8b-4cbe-9cbe-affc027fab87"}}
2025-11-12T22:48:01.231Z INFO webdriver: BIDI RESULT {"type":"success","id":5,"result":{"subscription":"c9be9674-3fa8-4fb0-9125-c8d56d2157e6"}}
2025-11-12T22:48:01.232Z INFO webdriver: BIDI RESULT {"type":"success","id":6,"result":{"subscription":"fd32cf69-dc7a-4bd0-8806-a77f92cf2b1c"}}
2025-11-12T22:48:01.233Z INFO webdriver: BIDI RESULT {"type":"success","id":8,"result":{"realm":"6bf7610c-9ee3-4bba-9a37-0c2bd9c63701","type":"success","result":{"type":"undefined"}}}
2025-11-12T22:48:01.233Z INFO webdriver: BIDI RESULT {"type":"success","id":9,"result":{"script":"4a069b7f-fb65-4058-9111-61d6cd1bce19"}}
2025-11-12T22:48:01.235Z INFO webdriver: RESULT cd46e63b-5243-4786-9170-a13bbc953696
2025-11-12T22:48:01.386Z INFO webdriver: BIDI COMMAND browsingContext.navigate {"context":"cd46e63b-5243-4786-9170-a13bbc953696","url":"https://www.saucedemo.com/","wait":"complete"}
2025-11-12T22:48:01.976Z INFO webdriver: BIDI RESULT {"type":"success","id":10,"result":{"navigation":"92509ad5-53ec-4465-b60c-687986d14f39","url":"https://www.saucedemo.com/"}}
2025-11-12T22:48:01.982Z INFO webdriver: BIDI COMMAND browsingContext.locateNodes {"locator":{"type":"css","value":"[data-test=\"username\"]"},"context":"cd46e63b-5243-4786-9170-a13bbc953696"}
2025-11-12T22:48:01.993Z INFO webdriver: BIDI RESULT {"type":"success","id":11,"result":{"nodes":[{"type":"node","sharedId":"388d81f1-61d2-49a8-87a9-fcb9e3ec14c3","value":{"nodeType":1,"localName":"input","namespaceURI":"http://www.w3.org/1999/xhtml","childNodeCount":0,"attributes":{"class":"input_error form_input","placeholder":"Username","type":"text","data-test":"username","id":"user-name","name":"user-name","autocorrect":"off","autocapitalize":"none","value":""},"shadowRoot":null}}]}}
2025-11-12T22:48:02.001Z INFO webdriver: COMMAND elementClear("388d81f1-61d2-49a8-87a9-fcb9e3ec14c3")
2025-11-12T22:48:02.001Z INFO webdriver: [POST] http://localhost:65317/session/eb88ba84-386e-4b12-bb7c-ccaf5ef45266/element/388d81f1-61d2-49a8-87a9-fcb9e3ec14c3/clear
2025-11-12T22:48:02.015Z INFO webdriver: RESULT null
2025-11-12T22:48:02.016Z INFO webdriver: COMMAND elementSendKeys("388d81f1-61d2-49a8-87a9-fcb9e3ec14c3", "")
2025-11-12T22:48:02.016Z INFO webdriver: [POST] http://localhost:65317/session/eb88ba84-386e-4b12-bb7c-ccaf5ef45266/element/388d81f1-61d2-49a8-87a9-fcb9e3ec14c3/value
2025-11-12T22:48:02.016Z INFO webdriver: DATA { text: '' }
2025-11-12T22:48:02.052Z INFO webdriver: RESULT null
2025-11-12T22:48:02.053Z INFO webdriver: BIDI COMMAND browsingContext.locateNodes {"locator":{"type":"css","value":"[data-test=\"password\"]"},"context":"cd46e63b-5243-4786-9170-a13bbc953696"}
2025-11-12T22:48:02.056Z INFO webdriver: BIDI RESULT {"type":"success","id":12,"result":{"nodes":[{"type":"node","sharedId":"431a8c21-f4a8-4b9c-9ce3-35a309512913","value":{"nodeType":1,"localName":"input","namespaceURI":"http://www.w3.org/1999/xhtml","childNodeCount":0,"attributes":{"class":"input_error form_input","placeholder":"Password","type":"password","data-test":"password","id":"password","name":"password","autocorrect":"off","autocapitalize":"none","value":""},"shadowRoot":null}}]}}
2025-11-12T22:48:02.061Z INFO webdriver: COMMAND elementClear("431a8c21-f4a8-4b9c-9ce3-35a309512913")
2025-11-12T22:48:02.061Z INFO webdriver: [POST] http://localhost:65317/session/eb88ba84-386e-4b12-bb7c-ccaf5ef45266/element/431a8c21-f4a8-4b9c-9ce3-35a309512913/clear
2025-11-12T22:48:02.066Z INFO webdriver: RESULT null
2025-11-12T22:48:02.067Z INFO webdriver: COMMAND elementSendKeys("431a8c21-f4a8-4b9c-9ce3-35a309512913", "")
2025-11-12T22:48:02.067Z INFO webdriver: [POST] http://localhost:65317/session/eb88ba84-386e-4b12-bb7c-ccaf5ef45266/element/431a8c21-f4a8-4b9c-9ce3-35a309512913/value
2025-11-12T22:48:02.067Z INFO webdriver: DATA { text: '' }
2025-11-12T22:48:02.086Z INFO webdriver: RESULT null
2025-11-12T22:48:02.088Z INFO webdriver: BIDI COMMAND browsingContext.locateNodes {"locator":{"type":"css","value":"[data-test=\"login-button\"]"},"context":"cd46e63b-5243-4786-9170-a13bbc953696"}
2025-11-12T22:48:02.097Z INFO webdriver: BIDI RESULT {"type":"success","id":13,"result":{"nodes":[{"type":"node","sharedId":"753ea3a7-1bf9-4a05-9cd7-64f60e305742","value":{"nodeType":1,"localName":"input","namespaceURI":"http://www.w3.org/1999/xhtml","childNodeCount":0,"attributes":{"type":"submit","class":"submit-button btn_action","data-test":"login-button","id":"login-button","name":"login-button","value":"Login"},"shadowRoot":null}}]}}
2025-11-12T22:48:02.100Z INFO webdriver: COMMAND elementClick("753ea3a7-1bf9-4a05-9cd7-64f60e305742")
2025-11-12T22:48:02.101Z INFO webdriver: [POST] http://localhost:65317/session/eb88ba84-386e-4b12-bb7c-ccaf5ef45266/element/753ea3a7-1bf9-4a05-9cd7-64f60e305742/click
2025-11-12T22:48:02.200Z INFO webdriver: RESULT null
2025-11-12T22:48:02.202Z INFO webdriver: COMMAND getUrl()
2025-11-12T22:48:02.203Z INFO webdriver: [GET] http://localhost:65317/session/eb88ba84-386e-4b12-bb7c-ccaf5ef45266/url
2025-11-12T22:48:02.206Z INFO webdriver: RESULT https://www.saucedemo.com/
2025-11-12T22:48:02.210Z INFO webdriver: BIDI COMMAND browsingContext.locateNodes {"locator":{"type":"css","value":"[data-test=\"error\"]"},"context":"cd46e63b-5243-4786-9170-a13bbc953696"}
2025-11-12T22:48:02.218Z INFO webdriver: BIDI RESULT {"type":"success","id":14,"result":{"nodes":[{"type":"node","sharedId":"6881228c-3949-46ea-b6c3-98cc60f08770","value":{"nodeType":1,"localName":"h3","namespaceURI":"http://www.w3.org/1999/xhtml","childNodeCount":2,"attributes":{"data-test":"error"},"shadowRoot":null}}]}}
2025-11-12T22:48:02.221Z INFO webdriver: COMMAND getElementText("6881228c-3949-46ea-b6c3-98cc60f08770")
2025-11-12T22:48:02.222Z INFO webdriver: [GET] http://localhost:65317/session/eb88ba84-386e-4b12-bb7c-ccaf5ef45266/element/6881228c-3949-46ea-b6c3-98cc60f08770/text
2025-11-12T22:48:02.237Z INFO webdriver: RESULT Epic sadface: Username is required
2025-11-12T22:48:02.241Z INFO webdriver: BIDI COMMAND browsingContext.navigate {"context":"cd46e63b-5243-4786-9170-a13bbc953696","url":"https://www.saucedemo.com/","wait":"complete"}
2025-11-12T22:48:02.397Z INFO webdriver: BIDI RESULT {"type":"success","id":15,"result":{"navigation":"e1fc3067-a296-4df4-af21-fefaf97bf44b","url":"https://www.saucedemo.com/"}}
2025-11-12T22:48:02.398Z INFO webdriver: BIDI COMMAND browsingContext.locateNodes {"locator":{"type":"css","value":"[data-test=\"username\"]"},"context":"cd46e63b-5243-4786-9170-a13bbc953696"}
2025-11-12T22:48:02.401Z INFO webdriver: BIDI RESULT {"type":"success","id":16,"result":{"nodes":[{"type":"node","sharedId":"e16e9e70-c13a-4c3c-b83f-c6295ac57663","value":{"nodeType":1,"localName":"input","namespaceURI":"http://www.w3.org/1999/xhtml","childNodeCount":0,"attributes":{"class":"input_error form_input","placeholder":"Username","type":"text","data-test":"username","id":"user-name","name":"user-name","autocorrect":"off","autocapitalize":"none","value":""},"shadowRoot":null}}]}}
2025-11-12T22:48:02.403Z INFO webdriver: COMMAND elementClear("e16e9e70-c13a-4c3c-b83f-c6295ac57663")
2025-11-12T22:48:02.403Z INFO webdriver: [POST] http://localhost:65317/session/eb88ba84-386e-4b12-bb7c-ccaf5ef45266/element/e16e9e70-c13a-4c3c-b83f-c6295ac57663/clear
2025-11-12T22:48:02.412Z INFO webdriver: RESULT null
2025-11-12T22:48:02.412Z INFO webdriver: COMMAND elementSendKeys("e16e9e70-c13a-4c3c-b83f-c6295ac57663", "standard_user")
2025-11-12T22:48:02.412Z INFO webdriver: [POST] http://localhost:65317/session/eb88ba84-386e-4b12-bb7c-ccaf5ef45266/element/e16e9e70-c13a-4c3c-b83f-c6295ac57663/value
2025-11-12T22:48:02.412Z INFO webdriver: DATA { text: 'standard_user' }
2025-11-12T22:48:02.461Z INFO webdriver: RESULT null
2025-11-12T22:48:02.462Z INFO webdriver: BIDI COMMAND browsingContext.locateNodes {"locator":{"type":"css","value":"[data-test=\"password\"]"},"context":"cd46e63b-5243-4786-9170-a13bbc953696"}
2025-11-12T22:48:02.464Z INFO webdriver: BIDI RESULT {"type":"success","id":17,"result":{"nodes":[{"type":"node","sharedId":"45d09b1d-f3e9-40bd-af06-84fc25fd0db3","value":{"nodeType":1,"localName":"input","namespaceURI":"http://www.w3.org/1999/xhtml","childNodeCount":0,"attributes":{"class":"input_error form_input","placeholder":"Password","type":"password","data-test":"password","id":"password","name":"password","autocorrect":"off","autocapitalize":"none","value":""},"shadowRoot":null}}]}}
2025-11-12T22:48:02.466Z INFO webdriver: COMMAND elementClear("45d09b1d-f3e9-40bd-af06-84fc25fd0db3")
2025-11-12T22:48:02.466Z INFO webdriver: [POST] http://localhost:65317/session/eb88ba84-386e-4b12-bb7c-ccaf5ef45266/element/45d09b1d-f3e9-40bd-af06-84fc25fd0db3/clear
2025-11-12T22:48:02.471Z INFO webdriver: RESULT null
2025-11-12T22:48:02.472Z INFO webdriver: COMMAND elementSendKeys("45d09b1d-f3e9-40bd-af06-84fc25fd0db3", "")
2025-11-12T22:48:02.472Z INFO webdriver: [POST] http://localhost:65317/session/eb88ba84-386e-4b12-bb7c-ccaf5ef45266/element/45d09b1d-f3e9-40bd-af06-84fc25fd0db3/value
2025-11-12T22:48:02.472Z INFO webdriver: DATA { text: '' }
2025-11-12T22:48:02.484Z INFO webdriver: RESULT null
2025-11-12T22:48:02.486Z INFO webdriver: BIDI COMMAND browsingContext.locateNodes {"locator":{"type":"css","value":"[data-test=\"login-button\"]"},"context":"cd46e63b-5243-4786-9170-a13bbc953696"}
2025-11-12T22:48:02.497Z INFO webdriver: BIDI RESULT {"type":"success","id":18,"result":{"nodes":[{"type":"node","sharedId":"fa7d0a8c-6c38-403a-8b85-b9bafe226cd5","value":{"nodeType":1,"localName":"input","namespaceURI":"http://www.w3.org/1999/xhtml","childNodeCount":0,"attributes":{"type":"submit","class":"submit-button btn_action","data-test":"login-button","id":"login-button","name":"login-button","value":"Login"},"shadowRoot":null}}]}}
2025-11-12T22:48:02.500Z INFO webdriver: COMMAND elementClick("fa7d0a8c-6c38-403a-8b85-b9bafe226cd5")
2025-11-12T22:48:02.500Z INFO webdriver: [POST] http://localhost:65317/session/eb88ba84-386e-4b12-bb7c-ccaf5ef45266/element/fa7d0a8c-6c38-403a-8b85-b9bafe226cd5/click
2025-11-12T22:48:02.571Z INFO webdriver: RESULT null
2025-11-12T22:48:02.572Z INFO webdriver: COMMAND getUrl()
2025-11-12T22:48:02.572Z INFO webdriver: [GET] http://localhost:65317/session/eb88ba84-386e-4b12-bb7c-ccaf5ef45266/url
2025-11-12T22:48:02.575Z INFO webdriver: RESULT https://www.saucedemo.com/
2025-11-12T22:48:02.577Z INFO webdriver: BIDI COMMAND browsingContext.locateNodes {"locator":{"type":"css","value":"[data-test=\"error\"]"},"context":"cd46e63b-5243-4786-9170-a13bbc953696"}
2025-11-12T22:48:02.579Z INFO webdriver: BIDI RESULT {"type":"success","id":19,"result":{"nodes":[{"type":"node","sharedId":"6de3c603-9f42-41f3-aa26-9e7a6bb4b8d8","value":{"nodeType":1,"localName":"h3","namespaceURI":"http://www.w3.org/1999/xhtml","childNodeCount":2,"attributes":{"data-test":"error"},"shadowRoot":null}}]}}
2025-11-12T22:48:02.581Z INFO webdriver: COMMAND getElementText("6de3c603-9f42-41f3-aa26-9e7a6bb4b8d8")
2025-11-12T22:48:02.581Z INFO webdriver: [GET] http://localhost:65317/session/eb88ba84-386e-4b12-bb7c-ccaf5ef45266/element/6de3c603-9f42-41f3-aa26-9e7a6bb4b8d8/text
2025-11-12T22:48:02.594Z INFO webdriver: RESULT Epic sadface: Password is required
2025-11-12T22:48:02.595Z INFO webdriver: BIDI COMMAND browsingContext.navigate {"context":"cd46e63b-5243-4786-9170-a13bbc953696","url":"https://www.saucedemo.com/","wait":"complete"}
2025-11-12T22:48:02.743Z INFO webdriver: BIDI RESULT {"type":"success","id":20,"result":{"navigation":"95dcb86d-bce3-49e7-ba9b-f6f03d6299db","url":"https://www.saucedemo.com/"}}
2025-11-12T22:48:02.745Z INFO webdriver: BIDI COMMAND browsingContext.locateNodes {"locator":{"type":"css","value":"[data-test=\"username\"]"},"context":"cd46e63b-5243-4786-9170-a13bbc953696"}
2025-11-12T22:48:02.755Z INFO webdriver: BIDI RESULT {"type":"success","id":21,"result":{"nodes":[{"type":"node","sharedId":"a5df1485-b4c0-46f2-939d-70946aa2b738","value":{"nodeType":1,"localName":"input","namespaceURI":"http://www.w3.org/1999/xhtml","childNodeCount":0,"attributes":{"class":"input_error form_input","placeholder":"Username","type":"text","data-test":"username","id":"user-name","name":"user-name","autocorrect":"off","autocapitalize":"none","value":""},"shadowRoot":null}}]}}
2025-11-12T22:48:02.758Z INFO webdriver: COMMAND elementClear("a5df1485-b4c0-46f2-939d-70946aa2b738")
2025-11-12T22:48:02.758Z INFO webdriver: [POST] http://localhost:65317/session/eb88ba84-386e-4b12-bb7c-ccaf5ef45266/element/a5df1485-b4c0-46f2-939d-70946aa2b738/clear
2025-11-12T22:48:02.764Z INFO webdriver: RESULT null
2025-11-12T22:48:02.764Z INFO webdriver: COMMAND elementSendKeys("a5df1485-b4c0-46f2-939d-70946aa2b738", "locked_out_user")
2025-11-12T22:48:02.764Z INFO webdriver: [POST] http://localhost:65317/session/eb88ba84-386e-4b12-bb7c-ccaf5ef45266/element/a5df1485-b4c0-46f2-939d-70946aa2b738/value
2025-11-12T22:48:02.764Z INFO webdriver: DATA { text: 'locked_out_user' }
2025-11-12T22:48:02.806Z INFO webdriver: RESULT null
2025-11-12T22:48:02.806Z INFO webdriver: BIDI COMMAND browsingContext.locateNodes {"locator":{"type":"css","value":"[data-test=\"password\"]"},"context":"cd46e63b-5243-4786-9170-a13bbc953696"}
2025-11-12T22:48:02.810Z INFO webdriver: BIDI RESULT {"type":"success","id":22,"result":{"nodes":[{"type":"node","sharedId":"64f5a8ae-fd8e-4ca9-91fe-994ae2f1ed3f","value":{"nodeType":1,"localName":"input","namespaceURI":"http://www.w3.org/1999/xhtml","childNodeCount":0,"attributes":{"class":"input_error form_input","placeholder":"Password","type":"password","data-test":"password","id":"password","name":"password","autocorrect":"off","autocapitalize":"none","value":""},"shadowRoot":null}}]}}
2025-11-12T22:48:02.812Z INFO webdriver: COMMAND elementClear("64f5a8ae-fd8e-4ca9-91fe-994ae2f1ed3f")
2025-11-12T22:48:02.813Z INFO webdriver: [POST] http://localhost:65317/session/eb88ba84-386e-4b12-bb7c-ccaf5ef45266/element/64f5a8ae-fd8e-4ca9-91fe-994ae2f1ed3f/clear
2025-11-12T22:48:02.816Z INFO webdriver: RESULT null
2025-11-12T22:48:02.817Z INFO webdriver: COMMAND elementSendKeys("64f5a8ae-fd8e-4ca9-91fe-994ae2f1ed3f", "secret_sauce")
2025-11-12T22:48:02.817Z INFO webdriver: [POST] http://localhost:65317/session/eb88ba84-386e-4b12-bb7c-ccaf5ef45266/element/64f5a8ae-fd8e-4ca9-91fe-994ae2f1ed3f/value
2025-11-12T22:48:02.817Z INFO webdriver: DATA { text: 'secret_sauce' }
2025-11-12T22:48:02.847Z INFO webdriver: RESULT null
2025-11-12T22:48:02.848Z INFO webdriver: BIDI COMMAND browsingContext.locateNodes {"locator":{"type":"css","value":"[data-test=\"login-button\"]"},"context":"cd46e63b-5243-4786-9170-a13bbc953696"}
2025-11-12T22:48:02.850Z INFO webdriver: BIDI RESULT {"type":"success","id":23,"result":{"nodes":[{"type":"node","sharedId":"eee74793-1291-4e6e-a250-dd14c086f82f","value":{"nodeType":1,"localName":"input","namespaceURI":"http://www.w3.org/1999/xhtml","childNodeCount":0,"attributes":{"type":"submit","class":"submit-button btn_action","data-test":"login-button","id":"login-button","name":"login-button","value":"Login"},"shadowRoot":null}}]}}
2025-11-12T22:48:02.852Z INFO webdriver: COMMAND elementClick("eee74793-1291-4e6e-a250-dd14c086f82f")
2025-11-12T22:48:02.852Z INFO webdriver: [POST] http://localhost:65317/session/eb88ba84-386e-4b12-bb7c-ccaf5ef45266/element/eee74793-1291-4e6e-a250-dd14c086f82f/click
2025-11-12T22:48:02.925Z INFO webdriver: RESULT null
2025-11-12T22:48:02.926Z INFO webdriver: COMMAND getUrl()
2025-11-12T22:48:02.926Z INFO webdriver: [GET] http://localhost:65317/session/eb88ba84-386e-4b12-bb7c-ccaf5ef45266/url
2025-11-12T22:48:02.928Z INFO webdriver: RESULT https://www.saucedemo.com/
2025-11-12T22:48:02.929Z INFO webdriver: BIDI COMMAND browsingContext.locateNodes {"locator":{"type":"css","value":"[data-test=\"error\"]"},"context":"cd46e63b-5243-4786-9170-a13bbc953696"}
2025-11-12T22:48:02.931Z INFO webdriver: BIDI RESULT {"type":"success","id":24,"result":{"nodes":[{"type":"node","sharedId":"bff5666c-28e8-442c-8a8f-0a23f3bfdcfb","value":{"nodeType":1,"localName":"h3","namespaceURI":"http://www.w3.org/1999/xhtml","childNodeCount":2,"attributes":{"data-test":"error"},"shadowRoot":null}}]}}
2025-11-12T22:48:02.933Z INFO webdriver: COMMAND getElementText("bff5666c-28e8-442c-8a8f-0a23f3bfdcfb")
2025-11-12T22:48:02.933Z INFO webdriver: [GET] http://localhost:65317/session/eb88ba84-386e-4b12-bb7c-ccaf5ef45266/element/bff5666c-28e8-442c-8a8f-0a23f3bfdcfb/text
2025-11-12T22:48:02.946Z INFO webdriver: RESULT Epic sadface: Sorry, this user has been locked out.
2025-11-12T22:48:02.948Z INFO webdriver: BIDI COMMAND browsingContext.navigate {"context":"cd46e63b-5243-4786-9170-a13bbc953696","url":"https://www.saucedemo.com/","wait":"complete"}
2025-11-12T22:48:03.056Z INFO webdriver: BIDI RESULT {"type":"success","id":25,"result":{"navigation":"5b745b2b-8195-4434-be64-c840dd8bcd0e","url":"https://www.saucedemo.com/"}}
2025-11-12T22:48:03.058Z INFO webdriver: BIDI COMMAND browsingContext.locateNodes {"locator":{"type":"css","value":"[data-test=\"username\"]"},"context":"cd46e63b-5243-4786-9170-a13bbc953696"}
2025-11-12T22:48:03.063Z INFO webdriver: BIDI RESULT {"type":"success","id":26,"result":{"nodes":[{"type":"node","sharedId":"aa51c44b-dfac-4a58-b9a0-4db80aa41e69","value":{"nodeType":1,"localName":"input","namespaceURI":"http://www.w3.org/1999/xhtml","childNodeCount":0,"attributes":{"class":"input_error form_input","placeholder":"Username","type":"text","data-test":"username","id":"user-name","name":"user-name","autocorrect":"off","autocapitalize":"none","value":""},"shadowRoot":null}}]}}
2025-11-12T22:48:03.064Z INFO webdriver: COMMAND elementClear("aa51c44b-dfac-4a58-b9a0-4db80aa41e69")
2025-11-12T22:48:03.065Z INFO webdriver: [POST] http://localhost:65317/session/eb88ba84-386e-4b12-bb7c-ccaf5ef45266/element/aa51c44b-dfac-4a58-b9a0-4db80aa41e69/clear
2025-11-12T22:48:03.068Z INFO webdriver: RESULT null
2025-11-12T22:48:03.068Z INFO webdriver: COMMAND elementSendKeys("aa51c44b-dfac-4a58-b9a0-4db80aa41e69", "standard_user")
2025-11-12T22:48:03.068Z INFO webdriver: [POST] http://localhost:65317/session/eb88ba84-386e-4b12-bb7c-ccaf5ef45266/element/aa51c44b-dfac-4a58-b9a0-4db80aa41e69/value
2025-11-12T22:48:03.068Z INFO webdriver: DATA { text: 'standard_user' }
2025-11-12T22:48:03.119Z INFO webdriver: RESULT null
2025-11-12T22:48:03.119Z INFO webdriver: BIDI COMMAND browsingContext.locateNodes {"locator":{"type":"css","value":"[data-test=\"password\"]"},"context":"cd46e63b-5243-4786-9170-a13bbc953696"}
2025-11-12T22:48:03.121Z INFO webdriver: BIDI RESULT {"type":"success","id":27,"result":{"nodes":[{"type":"node","sharedId":"4d4c67cd-7ae1-4cf9-a91f-e87557f33a39","value":{"nodeType":1,"localName":"input","namespaceURI":"http://www.w3.org/1999/xhtml","childNodeCount":0,"attributes":{"class":"input_error form_input","placeholder":"Password","type":"password","data-test":"password","id":"password","name":"password","autocorrect":"off","autocapitalize":"none","value":""},"shadowRoot":null}}]}}
2025-11-12T22:48:03.123Z INFO webdriver: COMMAND elementClear("4d4c67cd-7ae1-4cf9-a91f-e87557f33a39")
2025-11-12T22:48:03.124Z INFO webdriver: [POST] http://localhost:65317/session/eb88ba84-386e-4b12-bb7c-ccaf5ef45266/element/4d4c67cd-7ae1-4cf9-a91f-e87557f33a39/clear
2025-11-12T22:48:03.128Z INFO webdriver: RESULT null
2025-11-12T22:48:03.129Z INFO webdriver: COMMAND elementSendKeys("4d4c67cd-7ae1-4cf9-a91f-e87557f33a39", "secret_sauce")
2025-11-12T22:48:03.129Z INFO webdriver: [POST] http://localhost:65317/session/eb88ba84-386e-4b12-bb7c-ccaf5ef45266/element/4d4c67cd-7ae1-4cf9-a91f-e87557f33a39/value
2025-11-12T22:48:03.129Z INFO webdriver: DATA { text: 'secret_sauce' }
2025-11-12T22:48:03.165Z INFO webdriver: RESULT null
2025-11-12T22:48:03.166Z INFO webdriver: BIDI COMMAND browsingContext.locateNodes {"locator":{"type":"css","value":"[data-test=\"login-button\"]"},"context":"cd46e63b-5243-4786-9170-a13bbc953696"}
2025-11-12T22:48:03.167Z INFO webdriver: BIDI RESULT {"type":"success","id":28,"result":{"nodes":[{"type":"node","sharedId":"939736f7-aea0-40d7-8f2f-95a978cf8c03","value":{"nodeType":1,"localName":"input","namespaceURI":"http://www.w3.org/1999/xhtml","childNodeCount":0,"attributes":{"type":"submit","class":"submit-button btn_action","data-test":"login-button","id":"login-button","name":"login-button","value":"Login"},"shadowRoot":null}}]}}
2025-11-12T22:48:03.169Z INFO webdriver: COMMAND elementClick("939736f7-aea0-40d7-8f2f-95a978cf8c03")
2025-11-12T22:48:03.169Z INFO webdriver: [POST] http://localhost:65317/session/eb88ba84-386e-4b12-bb7c-ccaf5ef45266/element/939736f7-aea0-40d7-8f2f-95a978cf8c03/click
2025-11-12T22:48:03.259Z INFO webdriver: RESULT null
2025-11-12T22:48:03.260Z INFO webdriver: COMMAND getUrl()
2025-11-12T22:48:03.261Z INFO webdriver: [GET] http://localhost:65317/session/eb88ba84-386e-4b12-bb7c-ccaf5ef45266/url
2025-11-12T22:48:03.264Z INFO webdriver: RESULT https://www.saucedemo.com/inventory.html
2025-11-12T22:48:03.266Z INFO webdriver: COMMAND getTitle()
2025-11-12T22:48:03.266Z INFO webdriver: [GET] http://localhost:65317/session/eb88ba84-386e-4b12-bb7c-ccaf5ef45266/title
2025-11-12T22:48:03.268Z INFO webdriver: RESULT Swag Labs
2025-11-12T22:48:03.269Z INFO webdriver: BIDI COMMAND browsingContext.navigate {"context":"cd46e63b-5243-4786-9170-a13bbc953696","url":"https://www.saucedemo.com/","wait":"complete"}
2025-11-12T22:48:03.421Z INFO webdriver: BIDI RESULT {"type":"success","id":29,"result":{"navigation":"99bba424-6282-468b-9472-6b146615da9e","url":"https://www.saucedemo.com/"}}
2025-11-12T22:48:03.422Z INFO webdriver: BIDI COMMAND browsingContext.locateNodes {"locator":{"type":"css","value":"[data-test=\"username\"]"},"context":"cd46e63b-5243-4786-9170-a13bbc953696"}
2025-11-12T22:48:03.426Z INFO webdriver: BIDI RESULT {"type":"success","id":30,"result":{"nodes":[{"type":"node","sharedId":"3deaaee5-037b-45f0-bd3f-8da26e110db1","value":{"nodeType":1,"localName":"input","namespaceURI":"http://www.w3.org/1999/xhtml","childNodeCount":0,"attributes":{"class":"input_error form_input","placeholder":"Username","type":"text","data-test":"username","id":"user-name","name":"user-name","autocorrect":"off","autocapitalize":"none","value":""},"shadowRoot":null}}]}}
2025-11-12T22:48:03.429Z INFO webdriver: COMMAND elementClear("3deaaee5-037b-45f0-bd3f-8da26e110db1")
2025-11-12T22:48:03.429Z INFO webdriver: [POST] http://localhost:65317/session/eb88ba84-386e-4b12-bb7c-ccaf5ef45266/element/3deaaee5-037b-45f0-bd3f-8da26e110db1/clear
2025-11-12T22:48:03.433Z INFO webdriver: RESULT null
2025-11-12T22:48:03.433Z INFO webdriver: COMMAND elementSendKeys("3deaaee5-037b-45f0-bd3f-8da26e110db1", "problem_user")
2025-11-12T22:48:03.433Z INFO webdriver: [POST] http://localhost:65317/session/eb88ba84-386e-4b12-bb7c-ccaf5ef45266/element/3deaaee5-037b-45f0-bd3f-8da26e110db1/value
2025-11-12T22:48:03.433Z INFO webdriver: DATA { text: 'problem_user' }
2025-11-12T22:48:03.466Z INFO webdriver: RESULT null
2025-11-12T22:48:03.466Z INFO webdriver: BIDI COMMAND browsingContext.locateNodes {"locator":{"type":"css","value":"[data-test=\"password\"]"},"context":"cd46e63b-5243-4786-9170-a13bbc953696"}
2025-11-12T22:48:03.468Z INFO webdriver: BIDI RESULT {"type":"success","id":31,"result":{"nodes":[{"type":"node","sharedId":"1851634e-8b5b-4bae-86d9-4900fa18c854","value":{"nodeType":1,"localName":"input","namespaceURI":"http://www.w3.org/1999/xhtml","childNodeCount":0,"attributes":{"class":"input_error form_input","placeholder":"Password","type":"password","data-test":"password","id":"password","name":"password","autocorrect":"off","autocapitalize":"none","value":""},"shadowRoot":null}}]}}
2025-11-12T22:48:03.470Z INFO webdriver: COMMAND elementClear("1851634e-8b5b-4bae-86d9-4900fa18c854")
2025-11-12T22:48:03.471Z INFO webdriver: [POST] http://localhost:65317/session/eb88ba84-386e-4b12-bb7c-ccaf5ef45266/element/1851634e-8b5b-4bae-86d9-4900fa18c854/clear
2025-11-12T22:48:03.476Z INFO webdriver: RESULT null
2025-11-12T22:48:03.476Z INFO webdriver: COMMAND elementSendKeys("1851634e-8b5b-4bae-86d9-4900fa18c854", "secret_sauce")
2025-11-12T22:48:03.476Z INFO webdriver: [POST] http://localhost:65317/session/eb88ba84-386e-4b12-bb7c-ccaf5ef45266/element/1851634e-8b5b-4bae-86d9-4900fa18c854/value
2025-11-12T22:48:03.476Z INFO webdriver: DATA { text: 'secret_sauce' }
2025-11-12T22:48:03.509Z INFO webdriver: RESULT null
2025-11-12T22:48:03.510Z INFO webdriver: BIDI COMMAND browsingContext.locateNodes {"locator":{"type":"css","value":"[data-test=\"login-button\"]"},"context":"cd46e63b-5243-4786-9170-a13bbc953696"}
2025-11-12T22:48:03.512Z INFO webdriver: BIDI RESULT {"type":"success","id":32,"result":{"nodes":[{"type":"node","sharedId":"d45a8182-a1a3-4a25-a4a8-30ead99274f7","value":{"nodeType":1,"localName":"input","namespaceURI":"http://www.w3.org/1999/xhtml","childNodeCount":0,"attributes":{"type":"submit","class":"submit-button btn_action","data-test":"login-button","id":"login-button","name":"login-button","value":"Login"},"shadowRoot":null}}]}}
2025-11-12T22:48:03.514Z INFO webdriver: COMMAND elementClick("d45a8182-a1a3-4a25-a4a8-30ead99274f7")
2025-11-12T22:48:03.514Z INFO webdriver: [POST] http://localhost:65317/session/eb88ba84-386e-4b12-bb7c-ccaf5ef45266/element/d45a8182-a1a3-4a25-a4a8-30ead99274f7/click
2025-11-12T22:48:03.591Z INFO webdriver: RESULT null
2025-11-12T22:48:03.592Z INFO webdriver: COMMAND getUrl()
2025-11-12T22:48:03.592Z INFO webdriver: [GET] http://localhost:65317/session/eb88ba84-386e-4b12-bb7c-ccaf5ef45266/url
2025-11-12T22:48:03.595Z INFO webdriver: RESULT https://www.saucedemo.com/inventory.html
2025-11-12T22:48:03.596Z INFO webdriver: COMMAND getTitle()
2025-11-12T22:48:03.596Z INFO webdriver: [GET] http://localhost:65317/session/eb88ba84-386e-4b12-bb7c-ccaf5ef45266/title
2025-11-12T22:48:03.598Z INFO webdriver: RESULT Swag Labs
2025-11-12T22:48:03.599Z INFO webdriver: BIDI COMMAND browsingContext.navigate {"context":"cd46e63b-5243-4786-9170-a13bbc953696","url":"https://www.saucedemo.com/","wait":"complete"}
2025-11-12T22:48:03.726Z INFO webdriver: BIDI RESULT {"type":"success","id":33,"result":{"navigation":"1374b4cd-8be8-463b-8edd-df99f6437009","url":"https://www.saucedemo.com/"}}
2025-11-12T22:48:03.727Z INFO webdriver: BIDI COMMAND browsingContext.locateNodes {"locator":{"type":"css","value":"[data-test=\"username\"]"},"context":"cd46e63b-5243-4786-9170-a13bbc953696"}
2025-11-12T22:48:03.729Z INFO webdriver: BIDI RESULT {"type":"success","id":34,"result":{"nodes":[{"type":"node","sharedId":"bbb2d986-b094-43aa-a62b-0fa133737c86","value":{"nodeType":1,"localName":"input","namespaceURI":"http://www.w3.org/1999/xhtml","childNodeCount":0,"attributes":{"class":"input_error form_input","placeholder":"Username","type":"text","data-test":"username","id":"user-name","name":"user-name","autocorrect":"off","autocapitalize":"none","value":""},"shadowRoot":null}}]}}
2025-11-12T22:48:03.730Z INFO webdriver: COMMAND elementClear("bbb2d986-b094-43aa-a62b-0fa133737c86")
2025-11-12T22:48:03.731Z INFO webdriver: [POST] http://localhost:65317/session/eb88ba84-386e-4b12-bb7c-ccaf5ef45266/element/bbb2d986-b094-43aa-a62b-0fa133737c86/clear
2025-11-12T22:48:03.734Z INFO webdriver: RESULT null
2025-11-12T22:48:03.735Z INFO webdriver: COMMAND elementSendKeys("bbb2d986-b094-43aa-a62b-0fa133737c86", "performance_glitch_user")
2025-11-12T22:48:03.735Z INFO webdriver: [POST] http://localhost:65317/session/eb88ba84-386e-4b12-bb7c-ccaf5ef45266/element/bbb2d986-b094-43aa-a62b-0fa133737c86/value
2025-11-12T22:48:03.735Z INFO webdriver: DATA { text: 'performance_glitch_user' }
2025-11-12T22:48:03.792Z INFO webdriver: RESULT null
2025-11-12T22:48:03.792Z INFO webdriver: BIDI COMMAND browsingContext.locateNodes {"locator":{"type":"css","value":"[data-test=\"password\"]"},"context":"cd46e63b-5243-4786-9170-a13bbc953696"}
2025-11-12T22:48:03.795Z INFO webdriver: BIDI RESULT {"type":"success","id":35,"result":{"nodes":[{"type":"node","sharedId":"d7372560-b69a-4c02-a98f-5c3b5d2731e6","value":{"nodeType":1,"localName":"input","namespaceURI":"http://www.w3.org/1999/xhtml","childNodeCount":0,"attributes":{"class":"input_error form_input","placeholder":"Password","type":"password","data-test":"password","id":"password","name":"password","autocorrect":"off","autocapitalize":"none","value":""},"shadowRoot":null}}]}}
2025-11-12T22:48:03.797Z INFO webdriver: COMMAND elementClear("d7372560-b69a-4c02-a98f-5c3b5d2731e6")
2025-11-12T22:48:03.797Z INFO webdriver: [POST] http://localhost:65317/session/eb88ba84-386e-4b12-bb7c-ccaf5ef45266/element/d7372560-b69a-4c02-a98f-5c3b5d2731e6/clear
2025-11-12T22:48:03.801Z INFO webdriver: RESULT null
2025-11-12T22:48:03.801Z INFO webdriver: COMMAND elementSendKeys("d7372560-b69a-4c02-a98f-5c3b5d2731e6", "secret_sauce")
2025-11-12T22:48:03.801Z INFO webdriver: [POST] http://localhost:65317/session/eb88ba84-386e-4b12-bb7c-ccaf5ef45266/element/d7372560-b69a-4c02-a98f-5c3b5d2731e6/value
2025-11-12T22:48:03.801Z INFO webdriver: DATA { text: 'secret_sauce' }
2025-11-12T22:48:03.838Z INFO webdriver: RESULT null
2025-11-12T22:48:03.839Z INFO webdriver: BIDI COMMAND browsingContext.locateNodes {"locator":{"type":"css","value":"[data-test=\"login-button\"]"},"context":"cd46e63b-5243-4786-9170-a13bbc953696"}
2025-11-12T22:48:03.841Z INFO webdriver: BIDI RESULT {"type":"success","id":36,"result":{"nodes":[{"type":"node","sharedId":"892ba2dc-016c-40ca-b458-33c1d9790346","value":{"nodeType":1,"localName":"input","namespaceURI":"http://www.w3.org/1999/xhtml","childNodeCount":0,"attributes":{"type":"submit","class":"submit-button btn_action","data-test":"login-button","id":"login-button","name":"login-button","value":"Login"},"shadowRoot":null}}]}}
2025-11-12T22:48:03.843Z INFO webdriver: COMMAND elementClick("892ba2dc-016c-40ca-b458-33c1d9790346")
2025-11-12T22:48:03.843Z INFO webdriver: [POST] http://localhost:65317/session/eb88ba84-386e-4b12-bb7c-ccaf5ef45266/element/892ba2dc-016c-40ca-b458-33c1d9790346/click
2025-11-12T22:48:08.918Z INFO webdriver: RESULT null
2025-11-12T22:48:08.919Z INFO webdriver: COMMAND getUrl()
2025-11-12T22:48:08.919Z INFO webdriver: [GET] http://localhost:65317/session/eb88ba84-386e-4b12-bb7c-ccaf5ef45266/url
2025-11-12T22:48:08.923Z INFO webdriver: RESULT https://www.saucedemo.com/inventory.html
2025-11-12T22:48:08.925Z INFO webdriver: COMMAND getTitle()
2025-11-12T22:48:08.925Z INFO webdriver: [GET] http://localhost:65317/session/eb88ba84-386e-4b12-bb7c-ccaf5ef45266/title
2025-11-12T22:48:08.928Z INFO webdriver: RESULT Swag Labs
2025-11-12T22:48:08.930Z INFO webdriver: BIDI COMMAND browsingContext.navigate {"context":"cd46e63b-5243-4786-9170-a13bbc953696","url":"https://www.saucedemo.com/","wait":"complete"}
2025-11-12T22:48:09.036Z INFO webdriver: BIDI RESULT {"type":"success","id":37,"result":{"navigation":"a874be5a-0146-4a15-b936-9e4abd8b3fce","url":"https://www.saucedemo.com/"}}
2025-11-12T22:48:09.038Z INFO webdriver: BIDI COMMAND browsingContext.locateNodes {"locator":{"type":"css","value":"[data-test=\"username\"]"},"context":"cd46e63b-5243-4786-9170-a13bbc953696"}
2025-11-12T22:48:09.041Z INFO webdriver: BIDI RESULT {"type":"success","id":38,"result":{"nodes":[{"type":"node","sharedId":"b6ffd303-13ea-416b-be0d-f71f95e38284","value":{"nodeType":1,"localName":"input","namespaceURI":"http://www.w3.org/1999/xhtml","childNodeCount":0,"attributes":{"class":"input_error form_input","placeholder":"Username","type":"text","data-test":"username","id":"user-name","name":"user-name","autocorrect":"off","autocapitalize":"none","value":""},"shadowRoot":null}}]}}
2025-11-12T22:48:09.044Z INFO webdriver: COMMAND elementClear("b6ffd303-13ea-416b-be0d-f71f95e38284")
2025-11-12T22:48:09.044Z INFO webdriver: [POST] http://localhost:65317/session/eb88ba84-386e-4b12-bb7c-ccaf5ef45266/element/b6ffd303-13ea-416b-be0d-f71f95e38284/clear
2025-11-12T22:48:09.049Z INFO webdriver: RESULT null
2025-11-12T22:48:09.049Z INFO webdriver: COMMAND elementSendKeys("b6ffd303-13ea-416b-be0d-f71f95e38284", "error_user")
2025-11-12T22:48:09.049Z INFO webdriver: [POST] http://localhost:65317/session/eb88ba84-386e-4b12-bb7c-ccaf5ef45266/element/b6ffd303-13ea-416b-be0d-f71f95e38284/value
2025-11-12T22:48:09.049Z INFO webdriver: DATA { text: 'error_user' }
2025-11-12T22:48:09.096Z INFO webdriver: RESULT null
2025-11-12T22:48:09.096Z INFO webdriver: BIDI COMMAND browsingContext.locateNodes {"locator":{"type":"css","value":"[data-test=\"password\"]"},"context":"cd46e63b-5243-4786-9170-a13bbc953696"}
2025-11-12T22:48:09.099Z INFO webdriver: BIDI RESULT {"type":"success","id":39,"result":{"nodes":[{"type":"node","sharedId":"a53dcc93-8bef-469d-96a9-72afe8b1fda2","value":{"nodeType":1,"localName":"input","namespaceURI":"http://www.w3.org/1999/xhtml","childNodeCount":0,"attributes":{"class":"input_error form_input","placeholder":"Password","type":"password","data-test":"password","id":"password","name":"password","autocorrect":"off","autocapitalize":"none","value":""},"shadowRoot":null}}]}}
2025-11-12T22:48:09.101Z INFO webdriver: COMMAND elementClear("a53dcc93-8bef-469d-96a9-72afe8b1fda2")
2025-11-12T22:48:09.101Z INFO webdriver: [POST] http://localhost:65317/session/eb88ba84-386e-4b12-bb7c-ccaf5ef45266/element/a53dcc93-8bef-469d-96a9-72afe8b1fda2/clear
2025-11-12T22:48:09.106Z INFO webdriver: RESULT null
2025-11-12T22:48:09.107Z INFO webdriver: COMMAND elementSendKeys("a53dcc93-8bef-469d-96a9-72afe8b1fda2", "secret_sauce")
2025-11-12T22:48:09.107Z INFO webdriver: [POST] http://localhost:65317/session/eb88ba84-386e-4b12-bb7c-ccaf5ef45266/element/a53dcc93-8bef-469d-96a9-72afe8b1fda2/value
2025-11-12T22:48:09.107Z INFO webdriver: DATA { text: 'secret_sauce' }
2025-11-12T22:48:09.136Z INFO webdriver: RESULT null
2025-11-12T22:48:09.137Z INFO webdriver: BIDI COMMAND browsingContext.locateNodes {"locator":{"type":"css","value":"[data-test=\"login-button\"]"},"context":"cd46e63b-5243-4786-9170-a13bbc953696"}
2025-11-12T22:48:09.139Z INFO webdriver: BIDI RESULT {"type":"success","id":40,"result":{"nodes":[{"type":"node","sharedId":"934b47eb-0bfd-4d5f-9383-e905b25571a7","value":{"nodeType":1,"localName":"input","namespaceURI":"http://www.w3.org/1999/xhtml","childNodeCount":0,"attributes":{"type":"submit","class":"submit-button btn_action","data-test":"login-button","id":"login-button","name":"login-button","value":"Login"},"shadowRoot":null}}]}}
2025-11-12T22:48:09.140Z INFO webdriver: COMMAND elementClick("934b47eb-0bfd-4d5f-9383-e905b25571a7")
2025-11-12T22:48:09.140Z INFO webdriver: [POST] http://localhost:65317/session/eb88ba84-386e-4b12-bb7c-ccaf5ef45266/element/934b47eb-0bfd-4d5f-9383-e905b25571a7/click
2025-11-12T22:48:09.219Z INFO webdriver: RESULT null
2025-11-12T22:48:09.219Z INFO webdriver: COMMAND getUrl()
2025-11-12T22:48:09.219Z INFO webdriver: [GET] http://localhost:65317/session/eb88ba84-386e-4b12-bb7c-ccaf5ef45266/url
2025-11-12T22:48:09.221Z INFO webdriver: RESULT https://www.saucedemo.com/inventory.html
2025-11-12T22:48:09.222Z INFO webdriver: COMMAND getTitle()
2025-11-12T22:48:09.222Z INFO webdriver: [GET] http://localhost:65317/session/eb88ba84-386e-4b12-bb7c-ccaf5ef45266/title
2025-11-12T22:48:09.224Z INFO webdriver: RESULT Swag Labs
2025-11-12T22:48:09.225Z INFO webdriver: BIDI COMMAND browsingContext.navigate {"context":"cd46e63b-5243-4786-9170-a13bbc953696","url":"https://www.saucedemo.com/","wait":"complete"}
2025-11-12T22:48:09.327Z INFO webdriver: BIDI RESULT {"type":"success","id":41,"result":{"navigation":"ab109193-ac7d-48ba-9401-48041528e447","url":"https://www.saucedemo.com/"}}
2025-11-12T22:48:09.329Z INFO webdriver: BIDI COMMAND browsingContext.locateNodes {"locator":{"type":"css","value":"[data-test=\"username\"]"},"context":"cd46e63b-5243-4786-9170-a13bbc953696"}
2025-11-12T22:48:09.331Z INFO webdriver: BIDI RESULT {"type":"success","id":42,"result":{"nodes":[{"type":"node","sharedId":"a58e32d9-b045-4e3a-ace1-9e702642dc02","value":{"nodeType":1,"localName":"input","namespaceURI":"http://www.w3.org/1999/xhtml","childNodeCount":0,"attributes":{"class":"input_error form_input","placeholder":"Username","type":"text","data-test":"username","id":"user-name","name":"user-name","autocorrect":"off","autocapitalize":"none","value":""},"shadowRoot":null}}]}}
2025-11-12T22:48:09.333Z INFO webdriver: COMMAND elementClear("a58e32d9-b045-4e3a-ace1-9e702642dc02")
2025-11-12T22:48:09.333Z INFO webdriver: [POST] http://localhost:65317/session/eb88ba84-386e-4b12-bb7c-ccaf5ef45266/element/a58e32d9-b045-4e3a-ace1-9e702642dc02/clear
2025-11-12T22:48:09.337Z INFO webdriver: RESULT null
2025-11-12T22:48:09.337Z INFO webdriver: COMMAND elementSendKeys("a58e32d9-b045-4e3a-ace1-9e702642dc02", "visual_user")
2025-11-12T22:48:09.337Z INFO webdriver: [POST] http://localhost:65317/session/eb88ba84-386e-4b12-bb7c-ccaf5ef45266/element/a58e32d9-b045-4e3a-ace1-9e702642dc02/value
2025-11-12T22:48:09.337Z INFO webdriver: DATA { text: 'visual_user' }
2025-11-12T22:48:09.381Z INFO webdriver: RESULT null
2025-11-12T22:48:09.382Z INFO webdriver: BIDI COMMAND browsingContext.locateNodes {"locator":{"type":"css","value":"[data-test=\"password\"]"},"context":"cd46e63b-5243-4786-9170-a13bbc953696"}
2025-11-12T22:48:09.384Z INFO webdriver: BIDI RESULT {"type":"success","id":43,"result":{"nodes":[{"type":"node","sharedId":"0909bc82-cec2-4498-b6ff-53968c652e18","value":{"nodeType":1,"localName":"input","namespaceURI":"http://www.w3.org/1999/xhtml","childNodeCount":0,"attributes":{"class":"input_error form_input","placeholder":"Password","type":"password","data-test":"password","id":"password","name":"password","autocorrect":"off","autocapitalize":"none","value":""},"shadowRoot":null}}]}}
2025-11-12T22:48:09.385Z INFO webdriver: COMMAND elementClear("0909bc82-cec2-4498-b6ff-53968c652e18")
2025-11-12T22:48:09.385Z INFO webdriver: [POST] http://localhost:65317/session/eb88ba84-386e-4b12-bb7c-ccaf5ef45266/element/0909bc82-cec2-4498-b6ff-53968c652e18/clear
2025-11-12T22:48:09.389Z INFO webdriver: RESULT null
2025-11-12T22:48:09.389Z INFO webdriver: COMMAND elementSendKeys("0909bc82-cec2-4498-b6ff-53968c652e18", "secret_sauce")
2025-11-12T22:48:09.389Z INFO webdriver: [POST] http://localhost:65317/session/eb88ba84-386e-4b12-bb7c-ccaf5ef45266/element/0909bc82-cec2-4498-b6ff-53968c652e18/value
2025-11-12T22:48:09.389Z INFO webdriver: DATA { text: 'secret_sauce' }
2025-11-12T22:48:09.416Z INFO webdriver: RESULT null
2025-11-12T22:48:09.417Z INFO webdriver: BIDI COMMAND browsingContext.locateNodes {"locator":{"type":"css","value":"[data-test=\"login-button\"]"},"context":"cd46e63b-5243-4786-9170-a13bbc953696"}
2025-11-12T22:48:09.418Z INFO webdriver: BIDI RESULT {"type":"success","id":44,"result":{"nodes":[{"type":"node","sharedId":"a65e8b67-3f2a-44c1-aea0-8f7f941e5214","value":{"nodeType":1,"localName":"input","namespaceURI":"http://www.w3.org/1999/xhtml","childNodeCount":0,"attributes":{"type":"submit","class":"submit-button btn_action","data-test":"login-button","id":"login-button","name":"login-button","value":"Login"},"shadowRoot":null}}]}}
2025-11-12T22:48:09.420Z INFO webdriver: COMMAND elementClick("a65e8b67-3f2a-44c1-aea0-8f7f941e5214")
2025-11-12T22:48:09.420Z INFO webdriver: [POST] http://localhost:65317/session/eb88ba84-386e-4b12-bb7c-ccaf5ef45266/element/a65e8b67-3f2a-44c1-aea0-8f7f941e5214/click
2025-11-12T22:48:09.499Z INFO webdriver: RESULT null
2025-11-12T22:48:09.500Z INFO webdriver: COMMAND getUrl()
2025-11-12T22:48:09.500Z INFO webdriver: [GET] http://localhost:65317/session/eb88ba84-386e-4b12-bb7c-ccaf5ef45266/url
2025-11-12T22:48:09.502Z INFO webdriver: RESULT https://www.saucedemo.com/inventory.html
2025-11-12T22:48:09.503Z INFO webdriver: COMMAND getTitle()
2025-11-12T22:48:09.503Z INFO webdriver: [GET] http://localhost:65317/session/eb88ba84-386e-4b12-bb7c-ccaf5ef45266/title
2025-11-12T22:48:09.504Z INFO webdriver: RESULT Swag Labs
2025-11-12T22:48:09.506Z INFO webdriver: COMMAND deleteSession()
2025-11-12T22:48:09.506Z INFO webdriver: [DELETE] http://localhost:65317/session/eb88ba84-386e-4b12-bb7c-ccaf5ef45266
2025-11-12T22:48:10.392Z INFO webdriver: RESULT null
2025-11-12T22:48:10.392Z INFO webdriver: Close Bidi connection to ws://127.0.0.1:62581/session/eb88ba84-386e-4b12-bb7c-ccaf5ef45266
2025-11-12T22:48:10.392Z INFO webdriver: Kill driver process with PID 25484
