2025-11-12T22:47:55.533Z INFO @wdio/local-runner: Run worker command: run
2025-11-12T22:47:56.252Z INFO webdriver: Initiate new session using the WebDriver protocol
2025-11-12T22:47:56.483Z INFO webdriver: Using Chromedriver v142.0.7444.135 from cache directory C:\Users\Victor\AppData\Local\Temp
2025-11-12T22:47:56.610Z INFO @wdio/utils: Started Chromedriver v142.0.7444.135 with params --port=65312 --allowed-origins=* --allowed-ips=0.0.0.0 in 137ms on port 65312
2025-11-12T22:47:56.612Z INFO webdriver: [POST] http://localhost:65312/session
2025-11-12T22:47:57.369Z INFO webdriver: Register BiDi handler for session with id 17d3f6890217f9eacec3653d6f2c7a00
2025-11-12T22:47:57.370Z INFO webdriver: Connecting to webSocketUrl ws://127.0.0.1:65312/session/17d3f6890217f9eacec3653d6f2c7a00
2025-11-12T22:47:57.387Z INFO webdriver: Connected to Bidi protocol at ws://127.0.0.1:65312/session/17d3f6890217f9eacec3653d6f2c7a00
2025-11-12T22:47:57.387Z INFO webdriver: Connected to WebDriver Bidi interface at ws://127.0.0.1:65312/session/17d3f6890217f9eacec3653d6f2c7a00
2025-11-12T22:47:57.389Z INFO webdriver: COMMAND getWindowHandle()
2025-11-12T22:47:57.390Z INFO webdriver: BIDI COMMAND browsingContext.getTree {}
2025-11-12T22:47:57.392Z INFO webdriver: BIDI COMMAND session.subscribe {"events":["browsingContext.contextCreated"]}
2025-11-12T22:47:57.393Z INFO webdriver: BIDI COMMAND session.subscribe {"events":["log.entryAdded","browsingContext.navigationStarted"]}
2025-11-12T22:47:57.393Z INFO webdriver: BIDI COMMAND script.addPreloadScript { functionDeclaration: <PreloadScript[1319 bytes]>, contexts: undefined }
2025-11-12T22:47:57.393Z INFO webdriver: BIDI COMMAND session.subscribe {"events":["browsingContext.navigationStarted","browsingContext.fragmentNavigated","network.responseCompleted","network.beforeRequestSent","network.fetchError"]}
2025-11-12T22:47:57.393Z INFO webdriver: BIDI COMMAND session.subscribe {"events":["browsingContext.userPromptOpened"]}
2025-11-12T22:47:57.394Z INFO webdriver: BIDI COMMAND session.subscribe {"events":["browsingContext.navigationStarted"]}
2025-11-12T22:47:57.394Z INFO webdriver: [GET] http://localhost:65312/session/17d3f6890217f9eacec3653d6f2c7a00/window
2025-11-12T22:47:57.400Z INFO webdriver: RESULT 3A6B93FE12896D4D25C59116FD7A0F1D
2025-11-12T22:47:57.403Z INFO webdriver: BIDI RESULT {"id":1,"result":{"contexts":[{"children":[],"clientWindow":"968017993","context":"3A6B93FE12896D4D25C59116FD7A0F1D","originalOpener":null,"parent":null,"url":"about:blank","userContext":"default"}]},"type":"success"}
2025-11-12T22:47:57.403Z INFO webdriverio:PolyfillManager: Adding polyfill script to context with id 3A6B93FE12896D4D25C59116FD7A0F1D
2025-11-12T22:47:57.404Z INFO webdriver: BIDI COMMAND script.callFunction {"functionDeclaration":"<Function[443 bytes] webdriverioPolyfill>","target":{"children":[],"clientWindow":"968017993","context":"3A6B93FE12896D4D25C59116FD7A0F1D","originalOpener":null,"parent":null,"url":"about:blank","userContext":"default"},"awaitPromise":false}
2025-11-12T22:47:57.404Z INFO webdriver: BIDI COMMAND script.addPreloadScript { functionDeclaration: <PreloadScript[443 bytes]>, contexts: ["3A6B93FE12896D4D25C59116FD7A0F1D"] }
2025-11-12T22:47:57.407Z INFO webdriver: BIDI RESULT {"id":2,"result":{"subscription":"f89cbb06-abeb-4c7e-b4d9-5e9c0bd46cfd"},"type":"success"}
2025-11-12T22:47:57.407Z INFO webdriver: BIDI RESULT {"id":3,"result":{"subscription":"3e0fdda3-e2a0-47c7-85be-a3e5f926cdda"},"type":"success"}
2025-11-12T22:47:57.408Z INFO webdriver: BIDI RESULT {"id":5,"result":{"subscription":"6a0d4a34-dcac-4502-b955-c248e076f3fb"},"type":"success"}
2025-11-12T22:47:57.409Z INFO webdriver: BIDI RESULT {"id":6,"result":{"subscription":"2827a8bb-06bf-44f2-9e7f-ea303ef5ac0f"},"type":"success"}
2025-11-12T22:47:57.410Z INFO webdriver: BIDI RESULT {"id":7,"result":{"subscription":"e3c4c27e-4813-40c2-84e1-6dd1534ce12f"},"type":"success"}
2025-11-12T22:47:57.411Z INFO webdriver: BIDI RESULT {"id":4,"result":{"script":"49dd2f62-d22f-467f-9d0d-28114ba39f5c"},"type":"success"}
2025-11-12T22:47:57.413Z INFO webdriver: BIDI RESULT {"id":8,"result":{"realm":"-7275965831256930053.1751309304229819751","result":{"type":"undefined"},"type":"success"},"type":"success"}
2025-11-12T22:47:57.414Z INFO webdriver: BIDI RESULT {"id":9,"result":{"script":"62383fda-2a53-413f-bc9a-626ff842ab4c"},"type":"success"}
2025-11-12T22:47:57.553Z INFO webdriver: BIDI COMMAND browsingContext.navigate {"context":"3A6B93FE12896D4D25C59116FD7A0F1D","url":"https://www.saucedemo.com/","wait":"complete"}
2025-11-12T22:47:58.059Z INFO webdriver: BIDI RESULT {"id":10,"result":{"navigation":"f670d6b3-a2ee-48a5-a229-89dea2013ff5","url":"https://www.saucedemo.com/"},"type":"success"}
2025-11-12T22:47:58.066Z INFO webdriver: BIDI COMMAND browsingContext.locateNodes {"locator":{"type":"css","value":"[data-test=\"username\"]"},"context":"3A6B93FE12896D4D25C59116FD7A0F1D"}
2025-11-12T22:47:58.073Z INFO webdriver: BIDI RESULT {"id":11,"result":{"nodes":[{"sharedId":"f.3A6B93FE12896D4D25C59116FD7A0F1D.d.F24D1C18028947220FFF2FC48C325F29.e.2","type":"node","value":{"attributes":{"autocapitalize":"none","autocorrect":"off","class":"input_error form_input","data-test":"username","id":"user-name","name":"user-name","placeholder":"Username","type":"text","value":""},"childNodeCount":0,"localName":"input","namespaceURI":"http://www.w3.org/1999/xhtml","nodeType":1,"shadowRoot":{"sharedId":"f.3A6B93FE12896D4D25C59116FD7A0F1D.d.F24D1C18028947220FFF2FC48C325F29.e.7","type":"node","value":{"childNodeCount":2,"mode":"closed","nodeType":11}}}}]},"type":"success"}
2025-11-12T22:47:58.082Z INFO webdriver: COMMAND elementClear("f.3A6B93FE12896D4D25C59116FD7A0F1D.d.F24D1C18028947220FFF2FC48C325F29.e.2")
2025-11-12T22:47:58.083Z INFO webdriver: [POST] http://localhost:65312/session/17d3f6890217f9eacec3653d6f2c7a00/element/f.3A6B93FE12896D4D25C59116FD7A0F1D.d.F24D1C18028947220FFF2FC48C325F29.e.2/clear
2025-11-12T22:47:58.134Z INFO webdriver: RESULT null
2025-11-12T22:47:58.135Z INFO webdriver: COMMAND elementSendKeys("f.3A6B93FE12896D4D25C59116FD7A0F1D.d.F24D1C18028947220FFF2FC48C325F29.e.2", "")
2025-11-12T22:47:58.136Z INFO webdriver: [POST] http://localhost:65312/session/17d3f6890217f9eacec3653d6f2c7a00/element/f.3A6B93FE12896D4D25C59116FD7A0F1D.d.F24D1C18028947220FFF2FC48C325F29.e.2/value
2025-11-12T22:47:58.136Z INFO webdriver: DATA { text: '' }
2025-11-12T22:47:58.215Z INFO webdriver: RESULT null
2025-11-12T22:47:58.216Z INFO webdriver: BIDI COMMAND browsingContext.locateNodes {"locator":{"type":"css","value":"[data-test=\"password\"]"},"context":"3A6B93FE12896D4D25C59116FD7A0F1D"}
2025-11-12T22:47:58.221Z INFO webdriver: BIDI RESULT {"id":12,"result":{"nodes":[{"sharedId":"f.3A6B93FE12896D4D25C59116FD7A0F1D.d.F24D1C18028947220FFF2FC48C325F29.e.3","type":"node","value":{"attributes":{"autocapitalize":"none","autocorrect":"off","class":"input_error form_input","data-test":"password","id":"password","name":"password","placeholder":"Password","type":"password","value":""},"childNodeCount":0,"localName":"input","namespaceURI":"http://www.w3.org/1999/xhtml","nodeType":1,"shadowRoot":{"sharedId":"f.3A6B93FE12896D4D25C59116FD7A0F1D.d.F24D1C18028947220FFF2FC48C325F29.e.10","type":"node","value":{"childNodeCount":2,"mode":"closed","nodeType":11}}}}]},"type":"success"}
2025-11-12T22:47:58.225Z INFO webdriver: COMMAND elementClear("f.3A6B93FE12896D4D25C59116FD7A0F1D.d.F24D1C18028947220FFF2FC48C325F29.e.3")
2025-11-12T22:47:58.225Z INFO webdriver: [POST] http://localhost:65312/session/17d3f6890217f9eacec3653d6f2c7a00/element/f.3A6B93FE12896D4D25C59116FD7A0F1D.d.F24D1C18028947220FFF2FC48C325F29.e.3/clear
2025-11-12T22:47:58.262Z INFO webdriver: RESULT null
2025-11-12T22:47:58.262Z INFO webdriver: COMMAND elementSendKeys("f.3A6B93FE12896D4D25C59116FD7A0F1D.d.F24D1C18028947220FFF2FC48C325F29.e.3", "")
2025-11-12T22:47:58.263Z INFO webdriver: [POST] http://localhost:65312/session/17d3f6890217f9eacec3653d6f2c7a00/element/f.3A6B93FE12896D4D25C59116FD7A0F1D.d.F24D1C18028947220FFF2FC48C325F29.e.3/value
2025-11-12T22:47:58.263Z INFO webdriver: DATA { text: '' }
2025-11-12T22:47:58.316Z INFO webdriver: RESULT null
2025-11-12T22:47:58.318Z INFO webdriver: BIDI COMMAND browsingContext.locateNodes {"locator":{"type":"css","value":"[data-test=\"login-button\"]"},"context":"3A6B93FE12896D4D25C59116FD7A0F1D"}
2025-11-12T22:47:58.322Z INFO webdriver: BIDI RESULT {"id":13,"result":{"nodes":[{"sharedId":"f.3A6B93FE12896D4D25C59116FD7A0F1D.d.F24D1C18028947220FFF2FC48C325F29.e.4","type":"node","value":{"attributes":{"class":"submit-button btn_action","data-test":"login-button","id":"login-button","name":"login-button","type":"submit","value":"Login"},"childNodeCount":0,"localName":"input","namespaceURI":"http://www.w3.org/1999/xhtml","nodeType":1,"shadowRoot":{"sharedId":"f.3A6B93FE12896D4D25C59116FD7A0F1D.d.F24D1C18028947220FFF2FC48C325F29.e.11","type":"node","value":{"childNodeCount":1,"mode":"closed","nodeType":11}}}}]},"type":"success"}
2025-11-12T22:47:58.325Z INFO webdriver: COMMAND elementClick("f.3A6B93FE12896D4D25C59116FD7A0F1D.d.F24D1C18028947220FFF2FC48C325F29.e.4")
2025-11-12T22:47:58.326Z INFO webdriver: [POST] http://localhost:65312/session/17d3f6890217f9eacec3653d6f2c7a00/element/f.3A6B93FE12896D4D25C59116FD7A0F1D.d.F24D1C18028947220FFF2FC48C325F29.e.4/click
2025-11-12T22:47:58.402Z INFO webdriver: RESULT null
2025-11-12T22:47:58.406Z INFO webdriver: COMMAND getUrl()
2025-11-12T22:47:58.407Z INFO webdriver: [GET] http://localhost:65312/session/17d3f6890217f9eacec3653d6f2c7a00/url
2025-11-12T22:47:58.413Z INFO webdriver: RESULT https://www.saucedemo.com/
2025-11-12T22:47:58.416Z INFO webdriver: BIDI COMMAND browsingContext.locateNodes {"locator":{"type":"css","value":"[data-test=\"error\"]"},"context":"3A6B93FE12896D4D25C59116FD7A0F1D"}
2025-11-12T22:47:58.419Z INFO webdriver: BIDI RESULT {"id":14,"result":{"nodes":[{"sharedId":"f.3A6B93FE12896D4D25C59116FD7A0F1D.d.F24D1C18028947220FFF2FC48C325F29.e.12","type":"node","value":{"attributes":{"data-test":"error"},"childNodeCount":2,"localName":"h3","namespaceURI":"http://www.w3.org/1999/xhtml","nodeType":1,"shadowRoot":null}}]},"type":"success"}
2025-11-12T22:47:58.422Z INFO webdriver: COMMAND getElementText("f.3A6B93FE12896D4D25C59116FD7A0F1D.d.F24D1C18028947220FFF2FC48C325F29.e.12")
2025-11-12T22:47:58.423Z INFO webdriver: [GET] http://localhost:65312/session/17d3f6890217f9eacec3653d6f2c7a00/element/f.3A6B93FE12896D4D25C59116FD7A0F1D.d.F24D1C18028947220FFF2FC48C325F29.e.12/text
2025-11-12T22:47:58.441Z INFO webdriver: RESULT Epic sadface: Username is required
2025-11-12T22:47:58.444Z INFO webdriver: BIDI COMMAND browsingContext.navigate {"context":"3A6B93FE12896D4D25C59116FD7A0F1D","url":"https://www.saucedemo.com/","wait":"complete"}
2025-11-12T22:47:58.505Z INFO webdriver: BIDI RESULT {"id":15,"result":{"navigation":"2974fe20-9d36-46a5-83ad-6d1e76f095d8","url":"https://www.saucedemo.com/"},"type":"success"}
2025-11-12T22:47:58.506Z INFO webdriver: BIDI COMMAND browsingContext.locateNodes {"locator":{"type":"css","value":"[data-test=\"username\"]"},"context":"3A6B93FE12896D4D25C59116FD7A0F1D"}
2025-11-12T22:47:58.512Z INFO webdriver: BIDI RESULT {"id":16,"result":{"nodes":[{"sharedId":"f.3A6B93FE12896D4D25C59116FD7A0F1D.d.8B8612EDD6A0E9A98EDE0C00F102BDEB.e.14","type":"node","value":{"attributes":{"autocapitalize":"none","autocorrect":"off","class":"input_error form_input","data-test":"username","id":"user-name","name":"user-name","placeholder":"Username","type":"text","value":""},"childNodeCount":0,"localName":"input","namespaceURI":"http://www.w3.org/1999/xhtml","nodeType":1,"shadowRoot":{"sharedId":"f.3A6B93FE12896D4D25C59116FD7A0F1D.d.8B8612EDD6A0E9A98EDE0C00F102BDEB.e.18","type":"node","value":{"childNodeCount":2,"mode":"closed","nodeType":11}}}}]},"type":"success"}
2025-11-12T22:47:58.515Z INFO webdriver: COMMAND elementClear("f.3A6B93FE12896D4D25C59116FD7A0F1D.d.8B8612EDD6A0E9A98EDE0C00F102BDEB.e.14")
2025-11-12T22:47:58.516Z INFO webdriver: [POST] http://localhost:65312/session/17d3f6890217f9eacec3653d6f2c7a00/element/f.3A6B93FE12896D4D25C59116FD7A0F1D.d.8B8612EDD6A0E9A98EDE0C00F102BDEB.e.14/clear
2025-11-12T22:47:58.551Z INFO webdriver: RESULT null
2025-11-12T22:47:58.552Z INFO webdriver: COMMAND elementSendKeys("f.3A6B93FE12896D4D25C59116FD7A0F1D.d.8B8612EDD6A0E9A98EDE0C00F102BDEB.e.14", "standard_user")
2025-11-12T22:47:58.552Z INFO webdriver: [POST] http://localhost:65312/session/17d3f6890217f9eacec3653d6f2c7a00/element/f.3A6B93FE12896D4D25C59116FD7A0F1D.d.8B8612EDD6A0E9A98EDE0C00F102BDEB.e.14/value
2025-11-12T22:47:58.552Z INFO webdriver: DATA { text: 'standard_user' }
2025-11-12T22:47:58.651Z INFO webdriver: RESULT null
2025-11-12T22:47:58.652Z INFO webdriver: BIDI COMMAND browsingContext.locateNodes {"locator":{"type":"css","value":"[data-test=\"password\"]"},"context":"3A6B93FE12896D4D25C59116FD7A0F1D"}
2025-11-12T22:47:58.658Z INFO webdriver: BIDI RESULT {"id":17,"result":{"nodes":[{"sharedId":"f.3A6B93FE12896D4D25C59116FD7A0F1D.d.8B8612EDD6A0E9A98EDE0C00F102BDEB.e.15","type":"node","value":{"attributes":{"autocapitalize":"none","autocorrect":"off","class":"input_error form_input","data-test":"password","id":"password","name":"password","placeholder":"Password","type":"password","value":""},"childNodeCount":0,"localName":"input","namespaceURI":"http://www.w3.org/1999/xhtml","nodeType":1,"shadowRoot":{"sharedId":"f.3A6B93FE12896D4D25C59116FD7A0F1D.d.8B8612EDD6A0E9A98EDE0C00F102BDEB.e.21","type":"node","value":{"childNodeCount":2,"mode":"closed","nodeType":11}}}}]},"type":"success"}
2025-11-12T22:47:58.661Z INFO webdriver: COMMAND elementClear("f.3A6B93FE12896D4D25C59116FD7A0F1D.d.8B8612EDD6A0E9A98EDE0C00F102BDEB.e.15")
2025-11-12T22:47:58.661Z INFO webdriver: [POST] http://localhost:65312/session/17d3f6890217f9eacec3653d6f2c7a00/element/f.3A6B93FE12896D4D25C59116FD7A0F1D.d.8B8612EDD6A0E9A98EDE0C00F102BDEB.e.15/clear
2025-11-12T22:47:58.699Z INFO webdriver: RESULT null
2025-11-12T22:47:58.699Z INFO webdriver: COMMAND elementSendKeys("f.3A6B93FE12896D4D25C59116FD7A0F1D.d.8B8612EDD6A0E9A98EDE0C00F102BDEB.e.15", "")
2025-11-12T22:47:58.700Z INFO webdriver: [POST] http://localhost:65312/session/17d3f6890217f9eacec3653d6f2c7a00/element/f.3A6B93FE12896D4D25C59116FD7A0F1D.d.8B8612EDD6A0E9A98EDE0C00F102BDEB.e.15/value
2025-11-12T22:47:58.700Z INFO webdriver: DATA { text: '' }
2025-11-12T22:47:58.797Z INFO webdriver: RESULT null
2025-11-12T22:47:58.798Z INFO webdriver: BIDI COMMAND browsingContext.locateNodes {"locator":{"type":"css","value":"[data-test=\"login-button\"]"},"context":"3A6B93FE12896D4D25C59116FD7A0F1D"}
2025-11-12T22:47:58.804Z INFO webdriver: BIDI RESULT {"id":18,"result":{"nodes":[{"sharedId":"f.3A6B93FE12896D4D25C59116FD7A0F1D.d.8B8612EDD6A0E9A98EDE0C00F102BDEB.e.16","type":"node","value":{"attributes":{"class":"submit-button btn_action","data-test":"login-button","id":"login-button","name":"login-button","type":"submit","value":"Login"},"childNodeCount":0,"localName":"input","namespaceURI":"http://www.w3.org/1999/xhtml","nodeType":1,"shadowRoot":{"sharedId":"f.3A6B93FE12896D4D25C59116FD7A0F1D.d.8B8612EDD6A0E9A98EDE0C00F102BDEB.e.22","type":"node","value":{"childNodeCount":1,"mode":"closed","nodeType":11}}}}]},"type":"success"}
2025-11-12T22:47:58.807Z INFO webdriver: COMMAND elementClick("f.3A6B93FE12896D4D25C59116FD7A0F1D.d.8B8612EDD6A0E9A98EDE0C00F102BDEB.e.16")
2025-11-12T22:47:58.807Z INFO webdriver: [POST] http://localhost:65312/session/17d3f6890217f9eacec3653d6f2c7a00/element/f.3A6B93FE12896D4D25C59116FD7A0F1D.d.8B8612EDD6A0E9A98EDE0C00F102BDEB.e.16/click
2025-11-12T22:47:58.867Z INFO webdriver: RESULT null
2025-11-12T22:47:58.868Z INFO webdriver: COMMAND getUrl()
2025-11-12T22:47:58.869Z INFO webdriver: [GET] http://localhost:65312/session/17d3f6890217f9eacec3653d6f2c7a00/url
2025-11-12T22:47:58.873Z INFO webdriver: RESULT https://www.saucedemo.com/
2025-11-12T22:47:58.875Z INFO webdriver: BIDI COMMAND browsingContext.locateNodes {"locator":{"type":"css","value":"[data-test=\"error\"]"},"context":"3A6B93FE12896D4D25C59116FD7A0F1D"}
2025-11-12T22:47:58.879Z INFO webdriver: BIDI RESULT {"id":19,"result":{"nodes":[{"sharedId":"f.3A6B93FE12896D4D25C59116FD7A0F1D.d.8B8612EDD6A0E9A98EDE0C00F102BDEB.e.23","type":"node","value":{"attributes":{"data-test":"error"},"childNodeCount":2,"localName":"h3","namespaceURI":"http://www.w3.org/1999/xhtml","nodeType":1,"shadowRoot":null}}]},"type":"success"}
2025-11-12T22:47:58.880Z INFO webdriver: COMMAND getElementText("f.3A6B93FE12896D4D25C59116FD7A0F1D.d.8B8612EDD6A0E9A98EDE0C00F102BDEB.e.23")
2025-11-12T22:47:58.880Z INFO webdriver: [GET] http://localhost:65312/session/17d3f6890217f9eacec3653d6f2c7a00/element/f.3A6B93FE12896D4D25C59116FD7A0F1D.d.8B8612EDD6A0E9A98EDE0C00F102BDEB.e.23/text
2025-11-12T22:47:58.890Z INFO webdriver: RESULT Epic sadface: Password is required
2025-11-12T22:47:58.891Z INFO webdriver: BIDI COMMAND browsingContext.navigate {"context":"3A6B93FE12896D4D25C59116FD7A0F1D","url":"https://www.saucedemo.com/","wait":"complete"}
2025-11-12T22:47:58.956Z INFO webdriver: BIDI RESULT {"id":20,"result":{"navigation":"de5a91b6-9011-426f-ba7c-016ebf9c4321","url":"https://www.saucedemo.com/"},"type":"success"}
2025-11-12T22:47:58.957Z INFO webdriver: BIDI COMMAND browsingContext.locateNodes {"locator":{"type":"css","value":"[data-test=\"username\"]"},"context":"3A6B93FE12896D4D25C59116FD7A0F1D"}
2025-11-12T22:47:58.966Z INFO webdriver: BIDI RESULT {"id":21,"result":{"nodes":[{"sharedId":"f.3A6B93FE12896D4D25C59116FD7A0F1D.d.513BAE673A97669C0758C0DAC8C851D9.e.26","type":"node","value":{"attributes":{"autocapitalize":"none","autocorrect":"off","class":"input_error form_input","data-test":"username","id":"user-name","name":"user-name","placeholder":"Username","type":"text","value":""},"childNodeCount":0,"localName":"input","namespaceURI":"http://www.w3.org/1999/xhtml","nodeType":1,"shadowRoot":{"sharedId":"f.3A6B93FE12896D4D25C59116FD7A0F1D.d.513BAE673A97669C0758C0DAC8C851D9.e.30","type":"node","value":{"childNodeCount":2,"mode":"closed","nodeType":11}}}}]},"type":"success"}
2025-11-12T22:47:58.969Z INFO webdriver: COMMAND elementClear("f.3A6B93FE12896D4D25C59116FD7A0F1D.d.513BAE673A97669C0758C0DAC8C851D9.e.26")
2025-11-12T22:47:58.970Z INFO webdriver: [POST] http://localhost:65312/session/17d3f6890217f9eacec3653d6f2c7a00/element/f.3A6B93FE12896D4D25C59116FD7A0F1D.d.513BAE673A97669C0758C0DAC8C851D9.e.26/clear
2025-11-12T22:47:59.008Z INFO webdriver: RESULT null
2025-11-12T22:47:59.008Z INFO webdriver: COMMAND elementSendKeys("f.3A6B93FE12896D4D25C59116FD7A0F1D.d.513BAE673A97669C0758C0DAC8C851D9.e.26", "locked_out_user")
2025-11-12T22:47:59.009Z INFO webdriver: [POST] http://localhost:65312/session/17d3f6890217f9eacec3653d6f2c7a00/element/f.3A6B93FE12896D4D25C59116FD7A0F1D.d.513BAE673A97669C0758C0DAC8C851D9.e.26/value
2025-11-12T22:47:59.009Z INFO webdriver: DATA { text: 'locked_out_user' }
2025-11-12T22:47:59.086Z INFO webdriver: RESULT null
2025-11-12T22:47:59.087Z INFO webdriver: BIDI COMMAND browsingContext.locateNodes {"locator":{"type":"css","value":"[data-test=\"password\"]"},"context":"3A6B93FE12896D4D25C59116FD7A0F1D"}
2025-11-12T22:47:59.092Z INFO webdriver: BIDI RESULT {"id":22,"result":{"nodes":[{"sharedId":"f.3A6B93FE12896D4D25C59116FD7A0F1D.d.513BAE673A97669C0758C0DAC8C851D9.e.27","type":"node","value":{"attributes":{"autocapitalize":"none","autocorrect":"off","class":"input_error form_input","data-test":"password","id":"password","name":"password","placeholder":"Password","type":"password","value":""},"childNodeCount":0,"localName":"input","namespaceURI":"http://www.w3.org/1999/xhtml","nodeType":1,"shadowRoot":{"sharedId":"f.3A6B93FE12896D4D25C59116FD7A0F1D.d.513BAE673A97669C0758C0DAC8C851D9.e.32","type":"node","value":{"childNodeCount":2,"mode":"closed","nodeType":11}}}}]},"type":"success"}
2025-11-12T22:47:59.093Z INFO webdriver: COMMAND elementClear("f.3A6B93FE12896D4D25C59116FD7A0F1D.d.513BAE673A97669C0758C0DAC8C851D9.e.27")
2025-11-12T22:47:59.093Z INFO webdriver: [POST] http://localhost:65312/session/17d3f6890217f9eacec3653d6f2c7a00/element/f.3A6B93FE12896D4D25C59116FD7A0F1D.d.513BAE673A97669C0758C0DAC8C851D9.e.27/clear
2025-11-12T22:47:59.122Z INFO webdriver: RESULT null
2025-11-12T22:47:59.122Z INFO webdriver: COMMAND elementSendKeys("f.3A6B93FE12896D4D25C59116FD7A0F1D.d.513BAE673A97669C0758C0DAC8C851D9.e.27", "secret_sauce")
2025-11-12T22:47:59.123Z INFO webdriver: [POST] http://localhost:65312/session/17d3f6890217f9eacec3653d6f2c7a00/element/f.3A6B93FE12896D4D25C59116FD7A0F1D.d.513BAE673A97669C0758C0DAC8C851D9.e.27/value
2025-11-12T22:47:59.123Z INFO webdriver: DATA { text: 'secret_sauce' }
2025-11-12T22:47:59.188Z INFO webdriver: RESULT null
2025-11-12T22:47:59.189Z INFO webdriver: BIDI COMMAND browsingContext.locateNodes {"locator":{"type":"css","value":"[data-test=\"login-button\"]"},"context":"3A6B93FE12896D4D25C59116FD7A0F1D"}
2025-11-12T22:47:59.194Z INFO webdriver: BIDI RESULT {"id":23,"result":{"nodes":[{"sharedId":"f.3A6B93FE12896D4D25C59116FD7A0F1D.d.513BAE673A97669C0758C0DAC8C851D9.e.28","type":"node","value":{"attributes":{"class":"submit-button btn_action","data-test":"login-button","id":"login-button","name":"login-button","type":"submit","value":"Login"},"childNodeCount":0,"localName":"input","namespaceURI":"http://www.w3.org/1999/xhtml","nodeType":1,"shadowRoot":{"sharedId":"f.3A6B93FE12896D4D25C59116FD7A0F1D.d.513BAE673A97669C0758C0DAC8C851D9.e.33","type":"node","value":{"childNodeCount":1,"mode":"closed","nodeType":11}}}}]},"type":"success"}
2025-11-12T22:47:59.196Z INFO webdriver: COMMAND elementClick("f.3A6B93FE12896D4D25C59116FD7A0F1D.d.513BAE673A97669C0758C0DAC8C851D9.e.28")
2025-11-12T22:47:59.196Z INFO webdriver: [POST] http://localhost:65312/session/17d3f6890217f9eacec3653d6f2c7a00/element/f.3A6B93FE12896D4D25C59116FD7A0F1D.d.513BAE673A97669C0758C0DAC8C851D9.e.28/click
2025-11-12T22:47:59.299Z INFO webdriver: RESULT null
2025-11-12T22:47:59.300Z INFO webdriver: COMMAND getUrl()
2025-11-12T22:47:59.300Z INFO webdriver: [GET] http://localhost:65312/session/17d3f6890217f9eacec3653d6f2c7a00/url
2025-11-12T22:47:59.307Z INFO webdriver: RESULT https://www.saucedemo.com/
2025-11-12T22:47:59.309Z INFO webdriver: BIDI COMMAND browsingContext.locateNodes {"locator":{"type":"css","value":"[data-test=\"error\"]"},"context":"3A6B93FE12896D4D25C59116FD7A0F1D"}
2025-11-12T22:47:59.314Z INFO webdriver: BIDI RESULT {"id":24,"result":{"nodes":[{"sharedId":"f.3A6B93FE12896D4D25C59116FD7A0F1D.d.513BAE673A97669C0758C0DAC8C851D9.e.34","type":"node","value":{"attributes":{"data-test":"error"},"childNodeCount":2,"localName":"h3","namespaceURI":"http://www.w3.org/1999/xhtml","nodeType":1,"shadowRoot":null}}]},"type":"success"}
2025-11-12T22:47:59.316Z INFO webdriver: COMMAND getElementText("f.3A6B93FE12896D4D25C59116FD7A0F1D.d.513BAE673A97669C0758C0DAC8C851D9.e.34")
2025-11-12T22:47:59.316Z INFO webdriver: [GET] http://localhost:65312/session/17d3f6890217f9eacec3653d6f2c7a00/element/f.3A6B93FE12896D4D25C59116FD7A0F1D.d.513BAE673A97669C0758C0DAC8C851D9.e.34/text
2025-11-12T22:47:59.330Z INFO webdriver: RESULT Epic sadface: Sorry, this user has been locked out.
2025-11-12T22:47:59.332Z INFO webdriver: BIDI COMMAND browsingContext.navigate {"context":"3A6B93FE12896D4D25C59116FD7A0F1D","url":"https://www.saucedemo.com/","wait":"complete"}
2025-11-12T22:47:59.378Z INFO webdriver: BIDI RESULT {"id":25,"result":{"navigation":"4d959652-dd07-4d85-b42f-7496ff6b5ef8","url":"https://www.saucedemo.com/"},"type":"success"}
2025-11-12T22:47:59.379Z INFO webdriver: BIDI COMMAND browsingContext.locateNodes {"locator":{"type":"css","value":"[data-test=\"username\"]"},"context":"3A6B93FE12896D4D25C59116FD7A0F1D"}
2025-11-12T22:47:59.385Z INFO webdriver: BIDI RESULT {"id":26,"result":{"nodes":[{"sharedId":"f.3A6B93FE12896D4D25C59116FD7A0F1D.d.6F80DEA1A418E2B2633BAF2ABA6704F3.e.36","type":"node","value":{"attributes":{"autocapitalize":"none","autocorrect":"off","class":"input_error form_input","data-test":"username","id":"user-name","name":"user-name","placeholder":"Username","type":"text","value":""},"childNodeCount":0,"localName":"input","namespaceURI":"http://www.w3.org/1999/xhtml","nodeType":1,"shadowRoot":{"sharedId":"f.3A6B93FE12896D4D25C59116FD7A0F1D.d.6F80DEA1A418E2B2633BAF2ABA6704F3.e.40","type":"node","value":{"childNodeCount":2,"mode":"closed","nodeType":11}}}}]},"type":"success"}
2025-11-12T22:47:59.387Z INFO webdriver: COMMAND elementClear("f.3A6B93FE12896D4D25C59116FD7A0F1D.d.6F80DEA1A418E2B2633BAF2ABA6704F3.e.36")
2025-11-12T22:47:59.387Z INFO webdriver: [POST] http://localhost:65312/session/17d3f6890217f9eacec3653d6f2c7a00/element/f.3A6B93FE12896D4D25C59116FD7A0F1D.d.6F80DEA1A418E2B2633BAF2ABA6704F3.e.36/clear
2025-11-12T22:47:59.423Z INFO webdriver: RESULT null
2025-11-12T22:47:59.423Z INFO webdriver: COMMAND elementSendKeys("f.3A6B93FE12896D4D25C59116FD7A0F1D.d.6F80DEA1A418E2B2633BAF2ABA6704F3.e.36", "standard_user")
2025-11-12T22:47:59.424Z INFO webdriver: [POST] http://localhost:65312/session/17d3f6890217f9eacec3653d6f2c7a00/element/f.3A6B93FE12896D4D25C59116FD7A0F1D.d.6F80DEA1A418E2B2633BAF2ABA6704F3.e.36/value
2025-11-12T22:47:59.424Z INFO webdriver: DATA { text: 'standard_user' }
2025-11-12T22:47:59.479Z INFO webdriver: RESULT null
2025-11-12T22:47:59.480Z INFO webdriver: BIDI COMMAND browsingContext.locateNodes {"locator":{"type":"css","value":"[data-test=\"password\"]"},"context":"3A6B93FE12896D4D25C59116FD7A0F1D"}
2025-11-12T22:47:59.485Z INFO webdriver: BIDI RESULT {"id":27,"result":{"nodes":[{"sharedId":"f.3A6B93FE12896D4D25C59116FD7A0F1D.d.6F80DEA1A418E2B2633BAF2ABA6704F3.e.37","type":"node","value":{"attributes":{"autocapitalize":"none","autocorrect":"off","class":"input_error form_input","data-test":"password","id":"password","name":"password","placeholder":"Password","type":"password","value":""},"childNodeCount":0,"localName":"input","namespaceURI":"http://www.w3.org/1999/xhtml","nodeType":1,"shadowRoot":{"sharedId":"f.3A6B93FE12896D4D25C59116FD7A0F1D.d.6F80DEA1A418E2B2633BAF2ABA6704F3.e.42","type":"node","value":{"childNodeCount":2,"mode":"closed","nodeType":11}}}}]},"type":"success"}
2025-11-12T22:47:59.486Z INFO webdriver: COMMAND elementClear("f.3A6B93FE12896D4D25C59116FD7A0F1D.d.6F80DEA1A418E2B2633BAF2ABA6704F3.e.37")
2025-11-12T22:47:59.486Z INFO webdriver: [POST] http://localhost:65312/session/17d3f6890217f9eacec3653d6f2c7a00/element/f.3A6B93FE12896D4D25C59116FD7A0F1D.d.6F80DEA1A418E2B2633BAF2ABA6704F3.e.37/clear
2025-11-12T22:47:59.518Z INFO webdriver: RESULT null
2025-11-12T22:47:59.519Z INFO webdriver: COMMAND elementSendKeys("f.3A6B93FE12896D4D25C59116FD7A0F1D.d.6F80DEA1A418E2B2633BAF2ABA6704F3.e.37", "secret_sauce")
2025-11-12T22:47:59.519Z INFO webdriver: [POST] http://localhost:65312/session/17d3f6890217f9eacec3653d6f2c7a00/element/f.3A6B93FE12896D4D25C59116FD7A0F1D.d.6F80DEA1A418E2B2633BAF2ABA6704F3.e.37/value
2025-11-12T22:47:59.519Z INFO webdriver: DATA { text: 'secret_sauce' }
2025-11-12T22:47:59.575Z INFO webdriver: RESULT null
2025-11-12T22:47:59.576Z INFO webdriver: BIDI COMMAND browsingContext.locateNodes {"locator":{"type":"css","value":"[data-test=\"login-button\"]"},"context":"3A6B93FE12896D4D25C59116FD7A0F1D"}
2025-11-12T22:47:59.579Z INFO webdriver: BIDI RESULT {"id":28,"result":{"nodes":[{"sharedId":"f.3A6B93FE12896D4D25C59116FD7A0F1D.d.6F80DEA1A418E2B2633BAF2ABA6704F3.e.38","type":"node","value":{"attributes":{"class":"submit-button btn_action","data-test":"login-button","id":"login-button","name":"login-button","type":"submit","value":"Login"},"childNodeCount":0,"localName":"input","namespaceURI":"http://www.w3.org/1999/xhtml","nodeType":1,"shadowRoot":{"sharedId":"f.3A6B93FE12896D4D25C59116FD7A0F1D.d.6F80DEA1A418E2B2633BAF2ABA6704F3.e.43","type":"node","value":{"childNodeCount":1,"mode":"closed","nodeType":11}}}}]},"type":"success"}
2025-11-12T22:47:59.581Z INFO webdriver: COMMAND elementClick("f.3A6B93FE12896D4D25C59116FD7A0F1D.d.6F80DEA1A418E2B2633BAF2ABA6704F3.e.38")
2025-11-12T22:47:59.581Z INFO webdriver: [POST] http://localhost:65312/session/17d3f6890217f9eacec3653d6f2c7a00/element/f.3A6B93FE12896D4D25C59116FD7A0F1D.d.6F80DEA1A418E2B2633BAF2ABA6704F3.e.38/click
2025-11-12T22:47:59.684Z INFO webdriver: RESULT null
2025-11-12T22:47:59.685Z INFO webdriver: COMMAND getUrl()
2025-11-12T22:47:59.685Z INFO webdriver: [GET] http://localhost:65312/session/17d3f6890217f9eacec3653d6f2c7a00/url
2025-11-12T22:47:59.692Z INFO webdriver: RESULT https://www.saucedemo.com/inventory.html
2025-11-12T22:47:59.694Z INFO webdriver: COMMAND getTitle()
2025-11-12T22:47:59.694Z INFO webdriver: [GET] http://localhost:65312/session/17d3f6890217f9eacec3653d6f2c7a00/title
2025-11-12T22:47:59.701Z INFO webdriver: RESULT Swag Labs
2025-11-12T22:47:59.703Z INFO webdriver: BIDI COMMAND browsingContext.navigate {"context":"3A6B93FE12896D4D25C59116FD7A0F1D","url":"https://www.saucedemo.com/","wait":"complete"}
2025-11-12T22:47:59.783Z INFO webdriver: BIDI RESULT {"id":29,"result":{"navigation":"3546af98-4ec1-4d8a-86e6-ee8156d4e616","url":"https://www.saucedemo.com/"},"type":"success"}
2025-11-12T22:47:59.784Z INFO webdriver: BIDI COMMAND browsingContext.locateNodes {"locator":{"type":"css","value":"[data-test=\"username\"]"},"context":"3A6B93FE12896D4D25C59116FD7A0F1D"}
2025-11-12T22:47:59.797Z INFO webdriver: BIDI RESULT {"id":30,"result":{"nodes":[{"sharedId":"f.3A6B93FE12896D4D25C59116FD7A0F1D.d.2CEDD1007364C88824E2FFB1668F4E8F.e.51","type":"node","value":{"attributes":{"autocapitalize":"none","autocorrect":"off","class":"input_error form_input","data-test":"username","id":"user-name","name":"user-name","placeholder":"Username","type":"text","value":""},"childNodeCount":0,"localName":"input","namespaceURI":"http://www.w3.org/1999/xhtml","nodeType":1,"shadowRoot":{"sharedId":"f.3A6B93FE12896D4D25C59116FD7A0F1D.d.2CEDD1007364C88824E2FFB1668F4E8F.e.55","type":"node","value":{"childNodeCount":2,"mode":"closed","nodeType":11}}}}]},"type":"success"}
2025-11-12T22:47:59.799Z INFO webdriver: COMMAND elementClear("f.3A6B93FE12896D4D25C59116FD7A0F1D.d.2CEDD1007364C88824E2FFB1668F4E8F.e.51")
2025-11-12T22:47:59.799Z INFO webdriver: [POST] http://localhost:65312/session/17d3f6890217f9eacec3653d6f2c7a00/element/f.3A6B93FE12896D4D25C59116FD7A0F1D.d.2CEDD1007364C88824E2FFB1668F4E8F.e.51/clear
2025-11-12T22:47:59.838Z INFO webdriver: RESULT null
2025-11-12T22:47:59.838Z INFO webdriver: COMMAND elementSendKeys("f.3A6B93FE12896D4D25C59116FD7A0F1D.d.2CEDD1007364C88824E2FFB1668F4E8F.e.51", "problem_user")
2025-11-12T22:47:59.839Z INFO webdriver: [POST] http://localhost:65312/session/17d3f6890217f9eacec3653d6f2c7a00/element/f.3A6B93FE12896D4D25C59116FD7A0F1D.d.2CEDD1007364C88824E2FFB1668F4E8F.e.51/value
2025-11-12T22:47:59.839Z INFO webdriver: DATA { text: 'problem_user' }
2025-11-12T22:47:59.905Z INFO webdriver: RESULT null
2025-11-12T22:47:59.905Z INFO webdriver: BIDI COMMAND browsingContext.locateNodes {"locator":{"type":"css","value":"[data-test=\"password\"]"},"context":"3A6B93FE12896D4D25C59116FD7A0F1D"}
2025-11-12T22:47:59.909Z INFO webdriver: BIDI RESULT {"id":31,"result":{"nodes":[{"sharedId":"f.3A6B93FE12896D4D25C59116FD7A0F1D.d.2CEDD1007364C88824E2FFB1668F4E8F.e.52","type":"node","value":{"attributes":{"autocapitalize":"none","autocorrect":"off","class":"input_error form_input","data-test":"password","id":"password","name":"password","placeholder":"Password","type":"password","value":""},"childNodeCount":0,"localName":"input","namespaceURI":"http://www.w3.org/1999/xhtml","nodeType":1,"shadowRoot":{"sharedId":"f.3A6B93FE12896D4D25C59116FD7A0F1D.d.2CEDD1007364C88824E2FFB1668F4E8F.e.57","type":"node","value":{"childNodeCount":2,"mode":"closed","nodeType":11}}}}]},"type":"success"}
2025-11-12T22:47:59.911Z INFO webdriver: COMMAND elementClear("f.3A6B93FE12896D4D25C59116FD7A0F1D.d.2CEDD1007364C88824E2FFB1668F4E8F.e.52")
2025-11-12T22:47:59.911Z INFO webdriver: [POST] http://localhost:65312/session/17d3f6890217f9eacec3653d6f2c7a00/element/f.3A6B93FE12896D4D25C59116FD7A0F1D.d.2CEDD1007364C88824E2FFB1668F4E8F.e.52/clear
2025-11-12T22:47:59.944Z INFO webdriver: RESULT null
2025-11-12T22:47:59.945Z INFO webdriver: COMMAND elementSendKeys("f.3A6B93FE12896D4D25C59116FD7A0F1D.d.2CEDD1007364C88824E2FFB1668F4E8F.e.52", "secret_sauce")
2025-11-12T22:47:59.945Z INFO webdriver: [POST] http://localhost:65312/session/17d3f6890217f9eacec3653d6f2c7a00/element/f.3A6B93FE12896D4D25C59116FD7A0F1D.d.2CEDD1007364C88824E2FFB1668F4E8F.e.52/value
2025-11-12T22:47:59.945Z INFO webdriver: DATA { text: 'secret_sauce' }
2025-11-12T22:48:00.024Z INFO webdriver: RESULT null
2025-11-12T22:48:00.025Z INFO webdriver: BIDI COMMAND browsingContext.locateNodes {"locator":{"type":"css","value":"[data-test=\"login-button\"]"},"context":"3A6B93FE12896D4D25C59116FD7A0F1D"}
2025-11-12T22:48:00.031Z INFO webdriver: BIDI RESULT {"id":32,"result":{"nodes":[{"sharedId":"f.3A6B93FE12896D4D25C59116FD7A0F1D.d.2CEDD1007364C88824E2FFB1668F4E8F.e.53","type":"node","value":{"attributes":{"class":"submit-button btn_action","data-test":"login-button","id":"login-button","name":"login-button","type":"submit","value":"Login"},"childNodeCount":0,"localName":"input","namespaceURI":"http://www.w3.org/1999/xhtml","nodeType":1,"shadowRoot":{"sharedId":"f.3A6B93FE12896D4D25C59116FD7A0F1D.d.2CEDD1007364C88824E2FFB1668F4E8F.e.58","type":"node","value":{"childNodeCount":1,"mode":"closed","nodeType":11}}}}]},"type":"success"}
2025-11-12T22:48:00.033Z INFO webdriver: COMMAND elementClick("f.3A6B93FE12896D4D25C59116FD7A0F1D.d.2CEDD1007364C88824E2FFB1668F4E8F.e.53")
2025-11-12T22:48:00.033Z INFO webdriver: [POST] http://localhost:65312/session/17d3f6890217f9eacec3653d6f2c7a00/element/f.3A6B93FE12896D4D25C59116FD7A0F1D.d.2CEDD1007364C88824E2FFB1668F4E8F.e.53/click
2025-11-12T22:48:00.128Z INFO webdriver: RESULT null
2025-11-12T22:48:00.130Z INFO webdriver: COMMAND getUrl()
2025-11-12T22:48:00.130Z INFO webdriver: [GET] http://localhost:65312/session/17d3f6890217f9eacec3653d6f2c7a00/url
2025-11-12T22:48:00.138Z INFO webdriver: RESULT https://www.saucedemo.com/inventory.html
2025-11-12T22:48:00.139Z INFO webdriver: COMMAND getTitle()
2025-11-12T22:48:00.139Z INFO webdriver: [GET] http://localhost:65312/session/17d3f6890217f9eacec3653d6f2c7a00/title
2025-11-12T22:48:00.151Z INFO webdriver: RESULT Swag Labs
2025-11-12T22:48:00.152Z INFO webdriver: BIDI COMMAND browsingContext.navigate {"context":"3A6B93FE12896D4D25C59116FD7A0F1D","url":"https://www.saucedemo.com/","wait":"complete"}
2025-11-12T22:48:00.212Z INFO webdriver: BIDI RESULT {"id":33,"result":{"navigation":"157053d7-69c1-4892-9454-41cd26a3547d","url":"https://www.saucedemo.com/"},"type":"success"}
2025-11-12T22:48:00.213Z INFO webdriver: BIDI COMMAND browsingContext.locateNodes {"locator":{"type":"css","value":"[data-test=\"username\"]"},"context":"3A6B93FE12896D4D25C59116FD7A0F1D"}
2025-11-12T22:48:00.224Z INFO webdriver: BIDI RESULT {"id":34,"result":{"nodes":[{"sharedId":"f.3A6B93FE12896D4D25C59116FD7A0F1D.d.4D20B1622677C820BD104175A010F463.e.61","type":"node","value":{"attributes":{"autocapitalize":"none","autocorrect":"off","class":"input_error form_input","data-test":"username","id":"user-name","name":"user-name","placeholder":"Username","type":"text","value":""},"childNodeCount":0,"localName":"input","namespaceURI":"http://www.w3.org/1999/xhtml","nodeType":1,"shadowRoot":{"sharedId":"f.3A6B93FE12896D4D25C59116FD7A0F1D.d.4D20B1622677C820BD104175A010F463.e.65","type":"node","value":{"childNodeCount":2,"mode":"closed","nodeType":11}}}}]},"type":"success"}
2025-11-12T22:48:00.227Z INFO webdriver: COMMAND elementClear("f.3A6B93FE12896D4D25C59116FD7A0F1D.d.4D20B1622677C820BD104175A010F463.e.61")
2025-11-12T22:48:00.227Z INFO webdriver: [POST] http://localhost:65312/session/17d3f6890217f9eacec3653d6f2c7a00/element/f.3A6B93FE12896D4D25C59116FD7A0F1D.d.4D20B1622677C820BD104175A010F463.e.61/clear
2025-11-12T22:48:00.263Z INFO webdriver: RESULT null
2025-11-12T22:48:00.264Z INFO webdriver: COMMAND elementSendKeys("f.3A6B93FE12896D4D25C59116FD7A0F1D.d.4D20B1622677C820BD104175A010F463.e.61", "performance_glitch_user")
2025-11-12T22:48:00.264Z INFO webdriver: [POST] http://localhost:65312/session/17d3f6890217f9eacec3653d6f2c7a00/element/f.3A6B93FE12896D4D25C59116FD7A0F1D.d.4D20B1622677C820BD104175A010F463.e.61/value
2025-11-12T22:48:00.264Z INFO webdriver: DATA { text: 'performance_glitch_user' }
2025-11-12T22:48:00.325Z INFO webdriver: RESULT null
2025-11-12T22:48:00.325Z INFO webdriver: BIDI COMMAND browsingContext.locateNodes {"locator":{"type":"css","value":"[data-test=\"password\"]"},"context":"3A6B93FE12896D4D25C59116FD7A0F1D"}
2025-11-12T22:48:00.329Z INFO webdriver: BIDI RESULT {"id":35,"result":{"nodes":[{"sharedId":"f.3A6B93FE12896D4D25C59116FD7A0F1D.d.4D20B1622677C820BD104175A010F463.e.62","type":"node","value":{"attributes":{"autocapitalize":"none","autocorrect":"off","class":"input_error form_input","data-test":"password","id":"password","name":"password","placeholder":"Password","type":"password","value":""},"childNodeCount":0,"localName":"input","namespaceURI":"http://www.w3.org/1999/xhtml","nodeType":1,"shadowRoot":{"sharedId":"f.3A6B93FE12896D4D25C59116FD7A0F1D.d.4D20B1622677C820BD104175A010F463.e.67","type":"node","value":{"childNodeCount":2,"mode":"closed","nodeType":11}}}}]},"type":"success"}
2025-11-12T22:48:00.331Z INFO webdriver: COMMAND elementClear("f.3A6B93FE12896D4D25C59116FD7A0F1D.d.4D20B1622677C820BD104175A010F463.e.62")
2025-11-12T22:48:00.331Z INFO webdriver: [POST] http://localhost:65312/session/17d3f6890217f9eacec3653d6f2c7a00/element/f.3A6B93FE12896D4D25C59116FD7A0F1D.d.4D20B1622677C820BD104175A010F463.e.62/clear
2025-11-12T22:48:00.359Z INFO webdriver: RESULT null
2025-11-12T22:48:00.359Z INFO webdriver: COMMAND elementSendKeys("f.3A6B93FE12896D4D25C59116FD7A0F1D.d.4D20B1622677C820BD104175A010F463.e.62", "secret_sauce")
2025-11-12T22:48:00.359Z INFO webdriver: [POST] http://localhost:65312/session/17d3f6890217f9eacec3653d6f2c7a00/element/f.3A6B93FE12896D4D25C59116FD7A0F1D.d.4D20B1622677C820BD104175A010F463.e.62/value
2025-11-12T22:48:00.359Z INFO webdriver: DATA { text: 'secret_sauce' }
2025-11-12T22:48:00.425Z INFO webdriver: RESULT null
2025-11-12T22:48:00.426Z INFO webdriver: BIDI COMMAND browsingContext.locateNodes {"locator":{"type":"css","value":"[data-test=\"login-button\"]"},"context":"3A6B93FE12896D4D25C59116FD7A0F1D"}
2025-11-12T22:48:00.429Z INFO webdriver: BIDI RESULT {"id":36,"result":{"nodes":[{"sharedId":"f.3A6B93FE12896D4D25C59116FD7A0F1D.d.4D20B1622677C820BD104175A010F463.e.63","type":"node","value":{"attributes":{"class":"submit-button btn_action","data-test":"login-button","id":"login-button","name":"login-button","type":"submit","value":"Login"},"childNodeCount":0,"localName":"input","namespaceURI":"http://www.w3.org/1999/xhtml","nodeType":1,"shadowRoot":{"sharedId":"f.3A6B93FE12896D4D25C59116FD7A0F1D.d.4D20B1622677C820BD104175A010F463.e.68","type":"node","value":{"childNodeCount":1,"mode":"closed","nodeType":11}}}}]},"type":"success"}
2025-11-12T22:48:00.431Z INFO webdriver: COMMAND elementClick("f.3A6B93FE12896D4D25C59116FD7A0F1D.d.4D20B1622677C820BD104175A010F463.e.63")
2025-11-12T22:48:00.431Z INFO webdriver: [POST] http://localhost:65312/session/17d3f6890217f9eacec3653d6f2c7a00/element/f.3A6B93FE12896D4D25C59116FD7A0F1D.d.4D20B1622677C820BD104175A010F463.e.63/click
2025-11-12T22:48:05.504Z INFO webdriver: RESULT null
2025-11-12T22:48:05.505Z INFO webdriver: COMMAND getUrl()
2025-11-12T22:48:05.505Z INFO webdriver: [GET] http://localhost:65312/session/17d3f6890217f9eacec3653d6f2c7a00/url
2025-11-12T22:48:05.513Z INFO webdriver: RESULT https://www.saucedemo.com/inventory.html
2025-11-12T22:48:05.515Z INFO webdriver: COMMAND getTitle()
2025-11-12T22:48:05.515Z INFO webdriver: [GET] http://localhost:65312/session/17d3f6890217f9eacec3653d6f2c7a00/title
2025-11-12T22:48:05.522Z INFO webdriver: RESULT Swag Labs
2025-11-12T22:48:05.522Z INFO webdriver: BIDI COMMAND browsingContext.navigate {"context":"3A6B93FE12896D4D25C59116FD7A0F1D","url":"https://www.saucedemo.com/","wait":"complete"}
2025-11-12T22:48:05.573Z INFO webdriver: BIDI RESULT {"id":37,"result":{"navigation":"f3589703-52e9-4c23-8c3c-7b6f49081495","url":"https://www.saucedemo.com/"},"type":"success"}
2025-11-12T22:48:05.574Z INFO webdriver: BIDI COMMAND browsingContext.locateNodes {"locator":{"type":"css","value":"[data-test=\"username\"]"},"context":"3A6B93FE12896D4D25C59116FD7A0F1D"}
2025-11-12T22:48:05.584Z INFO webdriver: BIDI RESULT {"id":38,"result":{"nodes":[{"sharedId":"f.3A6B93FE12896D4D25C59116FD7A0F1D.d.18B461B3A885C02EC4DEBAA00C3C7BD3.e.73","type":"node","value":{"attributes":{"autocapitalize":"none","autocorrect":"off","class":"input_error form_input","data-test":"username","id":"user-name","name":"user-name","placeholder":"Username","type":"text","value":""},"childNodeCount":0,"localName":"input","namespaceURI":"http://www.w3.org/1999/xhtml","nodeType":1,"shadowRoot":{"sharedId":"f.3A6B93FE12896D4D25C59116FD7A0F1D.d.18B461B3A885C02EC4DEBAA00C3C7BD3.e.77","type":"node","value":{"childNodeCount":2,"mode":"closed","nodeType":11}}}}]},"type":"success"}
2025-11-12T22:48:05.587Z INFO webdriver: COMMAND elementClear("f.3A6B93FE12896D4D25C59116FD7A0F1D.d.18B461B3A885C02EC4DEBAA00C3C7BD3.e.73")
2025-11-12T22:48:05.587Z INFO webdriver: [POST] http://localhost:65312/session/17d3f6890217f9eacec3653d6f2c7a00/element/f.3A6B93FE12896D4D25C59116FD7A0F1D.d.18B461B3A885C02EC4DEBAA00C3C7BD3.e.73/clear
2025-11-12T22:48:05.623Z INFO webdriver: RESULT null
2025-11-12T22:48:05.623Z INFO webdriver: COMMAND elementSendKeys("f.3A6B93FE12896D4D25C59116FD7A0F1D.d.18B461B3A885C02EC4DEBAA00C3C7BD3.e.73", "error_user")
2025-11-12T22:48:05.624Z INFO webdriver: [POST] http://localhost:65312/session/17d3f6890217f9eacec3653d6f2c7a00/element/f.3A6B93FE12896D4D25C59116FD7A0F1D.d.18B461B3A885C02EC4DEBAA00C3C7BD3.e.73/value
2025-11-12T22:48:05.624Z INFO webdriver: DATA { text: 'error_user' }
2025-11-12T22:48:05.676Z INFO webdriver: RESULT null
2025-11-12T22:48:05.676Z INFO webdriver: BIDI COMMAND browsingContext.locateNodes {"locator":{"type":"css","value":"[data-test=\"password\"]"},"context":"3A6B93FE12896D4D25C59116FD7A0F1D"}
2025-11-12T22:48:05.680Z INFO webdriver: BIDI RESULT {"id":39,"result":{"nodes":[{"sharedId":"f.3A6B93FE12896D4D25C59116FD7A0F1D.d.18B461B3A885C02EC4DEBAA00C3C7BD3.e.74","type":"node","value":{"attributes":{"autocapitalize":"none","autocorrect":"off","class":"input_error form_input","data-test":"password","id":"password","name":"password","placeholder":"Password","type":"password","value":""},"childNodeCount":0,"localName":"input","namespaceURI":"http://www.w3.org/1999/xhtml","nodeType":1,"shadowRoot":{"sharedId":"f.3A6B93FE12896D4D25C59116FD7A0F1D.d.18B461B3A885C02EC4DEBAA00C3C7BD3.e.79","type":"node","value":{"childNodeCount":2,"mode":"closed","nodeType":11}}}}]},"type":"success"}
2025-11-12T22:48:05.682Z INFO webdriver: COMMAND elementClear("f.3A6B93FE12896D4D25C59116FD7A0F1D.d.18B461B3A885C02EC4DEBAA00C3C7BD3.e.74")
2025-11-12T22:48:05.682Z INFO webdriver: [POST] http://localhost:65312/session/17d3f6890217f9eacec3653d6f2c7a00/element/f.3A6B93FE12896D4D25C59116FD7A0F1D.d.18B461B3A885C02EC4DEBAA00C3C7BD3.e.74/clear
2025-11-12T22:48:05.705Z INFO webdriver: RESULT null
2025-11-12T22:48:05.705Z INFO webdriver: COMMAND elementSendKeys("f.3A6B93FE12896D4D25C59116FD7A0F1D.d.18B461B3A885C02EC4DEBAA00C3C7BD3.e.74", "secret_sauce")
2025-11-12T22:48:05.706Z INFO webdriver: [POST] http://localhost:65312/session/17d3f6890217f9eacec3653d6f2c7a00/element/f.3A6B93FE12896D4D25C59116FD7A0F1D.d.18B461B3A885C02EC4DEBAA00C3C7BD3.e.74/value
2025-11-12T22:48:05.706Z INFO webdriver: DATA { text: 'secret_sauce' }
2025-11-12T22:48:05.743Z INFO webdriver: RESULT null
2025-11-12T22:48:05.744Z INFO webdriver: BIDI COMMAND browsingContext.locateNodes {"locator":{"type":"css","value":"[data-test=\"login-button\"]"},"context":"3A6B93FE12896D4D25C59116FD7A0F1D"}
2025-11-12T22:48:05.746Z INFO webdriver: BIDI RESULT {"id":40,"result":{"nodes":[{"sharedId":"f.3A6B93FE12896D4D25C59116FD7A0F1D.d.18B461B3A885C02EC4DEBAA00C3C7BD3.e.75","type":"node","value":{"attributes":{"class":"submit-button btn_action","data-test":"login-button","id":"login-button","name":"login-button","type":"submit","value":"Login"},"childNodeCount":0,"localName":"input","namespaceURI":"http://www.w3.org/1999/xhtml","nodeType":1,"shadowRoot":{"sharedId":"f.3A6B93FE12896D4D25C59116FD7A0F1D.d.18B461B3A885C02EC4DEBAA00C3C7BD3.e.80","type":"node","value":{"childNodeCount":1,"mode":"closed","nodeType":11}}}}]},"type":"success"}
2025-11-12T22:48:05.748Z INFO webdriver: COMMAND elementClick("f.3A6B93FE12896D4D25C59116FD7A0F1D.d.18B461B3A885C02EC4DEBAA00C3C7BD3.e.75")
2025-11-12T22:48:05.748Z INFO webdriver: [POST] http://localhost:65312/session/17d3f6890217f9eacec3653d6f2c7a00/element/f.3A6B93FE12896D4D25C59116FD7A0F1D.d.18B461B3A885C02EC4DEBAA00C3C7BD3.e.75/click
2025-11-12T22:48:05.799Z INFO webdriver: RESULT null
2025-11-12T22:48:05.801Z INFO webdriver: COMMAND getUrl()
2025-11-12T22:48:05.801Z INFO webdriver: [GET] http://localhost:65312/session/17d3f6890217f9eacec3653d6f2c7a00/url
2025-11-12T22:48:05.810Z INFO webdriver: RESULT https://www.saucedemo.com/inventory.html
2025-11-12T22:48:05.810Z INFO webdriver: COMMAND getTitle()
2025-11-12T22:48:05.811Z INFO webdriver: [GET] http://localhost:65312/session/17d3f6890217f9eacec3653d6f2c7a00/title
2025-11-12T22:48:05.817Z INFO webdriver: RESULT Swag Labs
2025-11-12T22:48:05.818Z INFO webdriver: BIDI COMMAND browsingContext.navigate {"context":"3A6B93FE12896D4D25C59116FD7A0F1D","url":"https://www.saucedemo.com/","wait":"complete"}
2025-11-12T22:48:05.874Z INFO webdriver: BIDI RESULT {"id":41,"result":{"navigation":"9d3b57c9-d6ed-4724-9eef-285c5181073e","url":"https://www.saucedemo.com/"},"type":"success"}
2025-11-12T22:48:05.875Z INFO webdriver: BIDI COMMAND browsingContext.locateNodes {"locator":{"type":"css","value":"[data-test=\"username\"]"},"context":"3A6B93FE12896D4D25C59116FD7A0F1D"}
2025-11-12T22:48:05.886Z INFO webdriver: BIDI RESULT {"id":42,"result":{"nodes":[{"sharedId":"f.3A6B93FE12896D4D25C59116FD7A0F1D.d.5D6E306F8108FE63ECDAB152CFBCD22E.e.83","type":"node","value":{"attributes":{"autocapitalize":"none","autocorrect":"off","class":"input_error form_input","data-test":"username","id":"user-name","name":"user-name","placeholder":"Username","type":"text","value":""},"childNodeCount":0,"localName":"input","namespaceURI":"http://www.w3.org/1999/xhtml","nodeType":1,"shadowRoot":{"sharedId":"f.3A6B93FE12896D4D25C59116FD7A0F1D.d.5D6E306F8108FE63ECDAB152CFBCD22E.e.87","type":"node","value":{"childNodeCount":2,"mode":"closed","nodeType":11}}}}]},"type":"success"}
2025-11-12T22:48:05.888Z INFO webdriver: COMMAND elementClear("f.3A6B93FE12896D4D25C59116FD7A0F1D.d.5D6E306F8108FE63ECDAB152CFBCD22E.e.83")
2025-11-12T22:48:05.888Z INFO webdriver: [POST] http://localhost:65312/session/17d3f6890217f9eacec3653d6f2c7a00/element/f.3A6B93FE12896D4D25C59116FD7A0F1D.d.5D6E306F8108FE63ECDAB152CFBCD22E.e.83/clear
2025-11-12T22:48:05.927Z INFO webdriver: RESULT null
2025-11-12T22:48:05.927Z INFO webdriver: COMMAND elementSendKeys("f.3A6B93FE12896D4D25C59116FD7A0F1D.d.5D6E306F8108FE63ECDAB152CFBCD22E.e.83", "visual_user")
2025-11-12T22:48:05.927Z INFO webdriver: [POST] http://localhost:65312/session/17d3f6890217f9eacec3653d6f2c7a00/element/f.3A6B93FE12896D4D25C59116FD7A0F1D.d.5D6E306F8108FE63ECDAB152CFBCD22E.e.83/value
2025-11-12T22:48:05.927Z INFO webdriver: DATA { text: 'visual_user' }
2025-11-12T22:48:05.977Z INFO webdriver: RESULT null
2025-11-12T22:48:05.978Z INFO webdriver: BIDI COMMAND browsingContext.locateNodes {"locator":{"type":"css","value":"[data-test=\"password\"]"},"context":"3A6B93FE12896D4D25C59116FD7A0F1D"}
2025-11-12T22:48:05.983Z INFO webdriver: BIDI RESULT {"id":43,"result":{"nodes":[{"sharedId":"f.3A6B93FE12896D4D25C59116FD7A0F1D.d.5D6E306F8108FE63ECDAB152CFBCD22E.e.84","type":"node","value":{"attributes":{"autocapitalize":"none","autocorrect":"off","class":"input_error form_input","data-test":"password","id":"password","name":"password","placeholder":"Password","type":"password","value":""},"childNodeCount":0,"localName":"input","namespaceURI":"http://www.w3.org/1999/xhtml","nodeType":1,"shadowRoot":{"sharedId":"f.3A6B93FE12896D4D25C59116FD7A0F1D.d.5D6E306F8108FE63ECDAB152CFBCD22E.e.89","type":"node","value":{"childNodeCount":2,"mode":"closed","nodeType":11}}}}]},"type":"success"}
2025-11-12T22:48:05.985Z INFO webdriver: COMMAND elementClear("f.3A6B93FE12896D4D25C59116FD7A0F1D.d.5D6E306F8108FE63ECDAB152CFBCD22E.e.84")
2025-11-12T22:48:05.985Z INFO webdriver: [POST] http://localhost:65312/session/17d3f6890217f9eacec3653d6f2c7a00/element/f.3A6B93FE12896D4D25C59116FD7A0F1D.d.5D6E306F8108FE63ECDAB152CFBCD22E.e.84/clear
2025-11-12T22:48:06.007Z INFO webdriver: RESULT null
2025-11-12T22:48:06.007Z INFO webdriver: COMMAND elementSendKeys("f.3A6B93FE12896D4D25C59116FD7A0F1D.d.5D6E306F8108FE63ECDAB152CFBCD22E.e.84", "secret_sauce")
2025-11-12T22:48:06.007Z INFO webdriver: [POST] http://localhost:65312/session/17d3f6890217f9eacec3653d6f2c7a00/element/f.3A6B93FE12896D4D25C59116FD7A0F1D.d.5D6E306F8108FE63ECDAB152CFBCD22E.e.84/value
2025-11-12T22:48:06.007Z INFO webdriver: DATA { text: 'secret_sauce' }
2025-11-12T22:48:06.042Z INFO webdriver: RESULT null
2025-11-12T22:48:06.043Z INFO webdriver: BIDI COMMAND browsingContext.locateNodes {"locator":{"type":"css","value":"[data-test=\"login-button\"]"},"context":"3A6B93FE12896D4D25C59116FD7A0F1D"}
2025-11-12T22:48:06.046Z INFO webdriver: BIDI RESULT {"id":44,"result":{"nodes":[{"sharedId":"f.3A6B93FE12896D4D25C59116FD7A0F1D.d.5D6E306F8108FE63ECDAB152CFBCD22E.e.85","type":"node","value":{"attributes":{"class":"submit-button btn_action","data-test":"login-button","id":"login-button","name":"login-button","type":"submit","value":"Login"},"childNodeCount":0,"localName":"input","namespaceURI":"http://www.w3.org/1999/xhtml","nodeType":1,"shadowRoot":{"sharedId":"f.3A6B93FE12896D4D25C59116FD7A0F1D.d.5D6E306F8108FE63ECDAB152CFBCD22E.e.90","type":"node","value":{"childNodeCount":1,"mode":"closed","nodeType":11}}}}]},"type":"success"}
2025-11-12T22:48:06.047Z INFO webdriver: COMMAND elementClick("f.3A6B93FE12896D4D25C59116FD7A0F1D.d.5D6E306F8108FE63ECDAB152CFBCD22E.e.85")
2025-11-12T22:48:06.047Z INFO webdriver: [POST] http://localhost:65312/session/17d3f6890217f9eacec3653d6f2c7a00/element/f.3A6B93FE12896D4D25C59116FD7A0F1D.d.5D6E306F8108FE63ECDAB152CFBCD22E.e.85/click
2025-11-12T22:48:06.101Z INFO webdriver: RESULT null
2025-11-12T22:48:06.101Z INFO webdriver: COMMAND getUrl()
2025-11-12T22:48:06.102Z INFO webdriver: [GET] http://localhost:65312/session/17d3f6890217f9eacec3653d6f2c7a00/url
2025-11-12T22:48:06.113Z INFO webdriver: RESULT https://www.saucedemo.com/inventory.html
2025-11-12T22:48:06.114Z INFO webdriver: COMMAND getTitle()
2025-11-12T22:48:06.114Z INFO webdriver: [GET] http://localhost:65312/session/17d3f6890217f9eacec3653d6f2c7a00/title
2025-11-12T22:48:06.124Z INFO webdriver: RESULT Swag Labs
2025-11-12T22:48:06.125Z INFO webdriver: COMMAND deleteSession()
2025-11-12T22:48:06.126Z INFO webdriver: [DELETE] http://localhost:65312/session/17d3f6890217f9eacec3653d6f2c7a00
2025-11-12T22:48:06.204Z INFO webdriver: RESULT null
2025-11-12T22:48:06.204Z INFO webdriver: Close Bidi connection to ws://127.0.0.1:65312/session/17d3f6890217f9eacec3653d6f2c7a00
2025-11-12T22:48:06.205Z INFO webdriver: Kill driver process with PID 10544
